Started GET "/" for 127.0.0.1 at 2018-07-08 14:00:52 -0500

ActiveRecord::PendingMigrationError - Migrations are pending. To resolve this issue, run:

        bin/rails db:migrate RAILS_ENV=development

:

Started POST "/__better_errors/1be8193302055b7c/variables" for 127.0.0.1 at 2018-07-08 14:00:53 -0500
Started POST "/__better_errors/1be8193302055b7c/variables" for 127.0.0.1 at 2018-07-08 14:01:05 -0500
Started POST "/__better_errors/1be8193302055b7c/variables" for 127.0.0.1 at 2018-07-08 14:01:10 -0500
Started POST "/__better_errors/1be8193302055b7c/variables" for 127.0.0.1 at 2018-07-08 14:01:12 -0500
Started POST "/__better_errors/1be8193302055b7c/variables" for 127.0.0.1 at 2018-07-08 14:01:14 -0500
  [1m[35m (0.0ms)[0m  [1m[34mSELECT sqlite_version(*)[0m
  [1m[35m (12.0ms)[0m  [1m[35mCREATE TABLE "schema_migrations" ("version" varchar NOT NULL PRIMARY KEY)[0m
  [1m[35m (18.0ms)[0m  [1m[35mCREATE TABLE "ar_internal_metadata" ("key" varchar NOT NULL PRIMARY KEY, "value" varchar, "created_at" datetime NOT NULL, "updated_at" datetime NOT NULL)[0m
  [1m[35m (0.0ms)[0m  [1m[34mSELECT "schema_migrations"."version" FROM "schema_migrations" ORDER BY "schema_migrations"."version" ASC[0m
Migrating to CreateTweeets (20171129222907)
  [1m[35m (0.0ms)[0m  [1m[36mbegin transaction[0m
  [1m[35m (2.0ms)[0m  [1m[35mCREATE TABLE "tweeets" ("id" INTEGER PRIMARY KEY AUTOINCREMENT NOT NULL, "tweeet" text, "created_at" datetime NOT NULL, "updated_at" datetime NOT NULL)[0m
  [1m[35mSQL (0.0ms)[0m  [1m[32mINSERT INTO "schema_migrations" ("version") VALUES (?)[0m  [["version", "20171129222907"]]
  [1m[35m (17.0ms)[0m  [1m[36mcommit transaction[0m
Migrating to DeviseCreateUsers (20171129234035)
  [1m[35m (0.0ms)[0m  [1m[36mbegin transaction[0m
  [1m[35m (7.7ms)[0m  [1m[35mCREATE TABLE "users" ("id" INTEGER PRIMARY KEY AUTOINCREMENT NOT NULL, "email" varchar DEFAULT '' NOT NULL, "encrypted_password" varchar DEFAULT '' NOT NULL, "reset_password_token" varchar, "reset_password_sent_at" datetime, "remember_created_at" datetime, "sign_in_count" integer DEFAULT 0 NOT NULL, "current_sign_in_at" datetime, "last_sign_in_at" datetime, "current_sign_in_ip" varchar, "last_sign_in_ip" varchar, "created_at" datetime NOT NULL, "updated_at" datetime NOT NULL)[0m
  [1m[35m (2.0ms)[0m  [1m[35mCREATE UNIQUE INDEX "index_users_on_email" ON "users" ("email")[0m
  [1m[35m (0.0ms)[0m  [1m[34m            SELECT sql
            FROM sqlite_master
            WHERE name='index_users_on_email' AND type='index'
            UNION ALL
            SELECT sql
            FROM sqlite_temp_master
            WHERE name='index_users_on_email' AND type='index'
[0m
  [1m[35m (1.0ms)[0m  [1m[35mCREATE UNIQUE INDEX "index_users_on_reset_password_token" ON "users" ("reset_password_token")[0m
  [1m[35mSQL (1.0ms)[0m  [1m[32mINSERT INTO "schema_migrations" ("version") VALUES (?)[0m  [["version", "20171129234035"]]
  [1m[35m (7.0ms)[0m  [1m[36mcommit transaction[0m
Migrating to AddFieldsToUsers (20171129234833)
  [1m[35m (0.0ms)[0m  [1m[36mbegin transaction[0m
  [1m[35m (5.0ms)[0m  [1m[35mALTER TABLE "users" ADD "name" varchar[0m
  [1m[35m (0.0ms)[0m  [1m[35mALTER TABLE "users" ADD "username" varchar[0m
  [1m[35m (0.0ms)[0m  [1m[34m            SELECT sql
            FROM sqlite_master
            WHERE name='index_users_on_reset_password_token' AND type='index'
            UNION ALL
            SELECT sql
            FROM sqlite_temp_master
            WHERE name='index_users_on_reset_password_token' AND type='index'
[0m
  [1m[35m (0.0ms)[0m  [1m[34m            SELECT sql
            FROM sqlite_master
            WHERE name='index_users_on_email' AND type='index'
            UNION ALL
            SELECT sql
            FROM sqlite_temp_master
            WHERE name='index_users_on_email' AND type='index'
[0m
  [1m[35m (1.0ms)[0m  [1m[35mCREATE UNIQUE INDEX "index_users_on_username" ON "users" ("username")[0m
  [1m[35mSQL (1.0ms)[0m  [1m[32mINSERT INTO "schema_migrations" ("version") VALUES (?)[0m  [["version", "20171129234833"]]
  [1m[35m (16.0ms)[0m  [1m[36mcommit transaction[0m
Migrating to AddUserIdToTweeets (20171130000452)
  [1m[35m (0.0ms)[0m  [1m[36mbegin transaction[0m
  [1m[35m (4.0ms)[0m  [1m[35mALTER TABLE "tweeets" ADD "user_id" integer[0m
  [1m[35mSQL (1.0ms)[0m  [1m[32mINSERT INTO "schema_migrations" ("version") VALUES (?)[0m  [["version", "20171130000452"]]
  [1m[35m (18.0ms)[0m  [1m[36mcommit transaction[0m
  [1m[36mActiveRecord::InternalMetadata Load (0.0ms)[0m  [1m[34mSELECT  "ar_internal_metadata".* FROM "ar_internal_metadata" WHERE "ar_internal_metadata"."key" = ? LIMIT ?[0m  [["key", "environment"], ["LIMIT", 1]]
  [1m[35m (0.0ms)[0m  [1m[36mbegin transaction[0m
  [1m[35mSQL (2.0ms)[0m  [1m[32mINSERT INTO "ar_internal_metadata" ("key", "value", "created_at", "updated_at") VALUES (?, ?, ?, ?)[0m  [["key", "environment"], ["value", "development"], ["created_at", "2018-07-08 19:13:18.832830"], ["updated_at", "2018-07-08 19:13:18.832830"]]
  [1m[35m (9.0ms)[0m  [1m[36mcommit transaction[0m
  [1m[35m (0.0ms)[0m  [1m[34mSELECT "schema_migrations"."version" FROM "schema_migrations" ORDER BY "schema_migrations"."version" ASC[0m
  [1m[35m (0.0ms)[0m  [1m[34m            SELECT sql
            FROM sqlite_master
            WHERE name='index_users_on_username' AND type='index'
            UNION ALL
            SELECT sql
            FROM sqlite_temp_master
            WHERE name='index_users_on_username' AND type='index'
[0m
  [1m[35m (1.0ms)[0m  [1m[34m            SELECT sql
            FROM sqlite_master
            WHERE name='index_users_on_reset_password_token' AND type='index'
            UNION ALL
            SELECT sql
            FROM sqlite_temp_master
            WHERE name='index_users_on_reset_password_token' AND type='index'
[0m
  [1m[35m (1.0ms)[0m  [1m[34m            SELECT sql
            FROM sqlite_master
            WHERE name='index_users_on_email' AND type='index'
            UNION ALL
            SELECT sql
            FROM sqlite_temp_master
            WHERE name='index_users_on_email' AND type='index'
[0m
Started GET "/" for 127.0.0.1 at 2018-07-08 14:16:28 -0500
  [1m[35m (1.0ms)[0m  [1m[34mSELECT "schema_migrations"."version" FROM "schema_migrations" ORDER BY "schema_migrations"."version" ASC[0m
Processing by TweeetsController#index as HTML
  Rendering tweeets/index.html.erb within layouts/application
  Rendered tweeets/_trends.html.erb (1.0ms)
  [1m[36mTweeet Load (0.0ms)[0m  [1m[34mSELECT "tweeets".* FROM "tweeets" ORDER BY created_at DESC[0m
  Rendered tweeets/_feed.html.erb (4.0ms)
  Rendered tweeets/_who-to-follow.html.erb (0.0ms)
  Rendered tweeets/index.html.erb within layouts/application (81.8ms)
Started GET "/" for 127.0.0.1 at 2018-07-08 14:16:31 -0500
Processing by TweeetsController#index as HTML
  Rendering tweeets/index.html.erb within layouts/application
  Rendered tweeets/_trends.html.erb (0.0ms)
  [1m[36mTweeet Load (0.0ms)[0m  [1m[34mSELECT "tweeets".* FROM "tweeets" ORDER BY created_at DESC[0m
  Rendered tweeets/_feed.html.erb (70.7ms)
  Rendered tweeets/_who-to-follow.html.erb (1.0ms)
  Rendered tweeets/index.html.erb within layouts/application (293.2ms)
Completed 200 OK in 11137ms (Views: 11023.3ms | ActiveRecord: 3.0ms)


Completed 500 Internal Server Error in 46247ms (ActiveRecord: 19.9ms)



RuntimeError - can't add a new key into hash during iteration:
  app/views/layouts/application.html.erb:9:in `_app_views_layouts_application_html_erb__438673716_96204912'

Started POST "/__better_errors/77f86da3a75c5c73/variables" for 127.0.0.1 at 2018-07-08 14:17:18 -0500
Started GET "/" for 127.0.0.1 at 2018-07-08 14:21:42 -0500
Processing by TweeetsController#index as HTML
  Rendering tweeets/index.html.erb within layouts/application
  Rendered tweeets/_trends.html.erb (0.0ms)
  [1m[36mTweeet Load (0.0ms)[0m  [1m[34mSELECT "tweeets".* FROM "tweeets" ORDER BY created_at DESC[0m
  Rendered tweeets/_feed.html.erb (4.0ms)
  Rendered tweeets/_who-to-follow.html.erb (0.0ms)
  Rendered tweeets/index.html.erb within layouts/application (49.9ms)
Completed 200 OK in 218ms (Views: 198.0ms | ActiveRecord: 0.0ms)


Started GET "/" for 127.0.0.1 at 2018-07-08 14:21:47 -0500
Processing by TweeetsController#index as HTML
  Rendering tweeets/index.html.erb within layouts/application
  Rendered tweeets/_trends.html.erb (0.0ms)
  [1m[36mTweeet Load (0.0ms)[0m  [1m[34mSELECT "tweeets".* FROM "tweeets" ORDER BY created_at DESC[0m
  Rendered tweeets/_feed.html.erb (2.0ms)
  Rendered tweeets/_who-to-follow.html.erb (0.0ms)
  Rendered tweeets/index.html.erb within layouts/application (43.9ms)
Completed 200 OK in 203ms (Views: 185.5ms | ActiveRecord: 0.0ms)


Started GET "/" for 127.0.0.1 at 2018-07-08 14:26:45 -0500
Processing by TweeetsController#index as HTML
  Rendering tweeets/index.html.erb within layouts/application
  Rendered tweeets/_trends.html.erb (0.0ms)
  [1m[36mTweeet Load (1.0ms)[0m  [1m[34mSELECT "tweeets".* FROM "tweeets" ORDER BY created_at DESC[0m
  Rendered tweeets/_feed.html.erb (3.0ms)
  Rendered tweeets/_who-to-follow.html.erb (0.0ms)
  Rendered tweeets/index.html.erb within layouts/application (74.8ms)
Completed 200 OK in 327ms (Views: 282.1ms | ActiveRecord: 1.0ms)


Started GET "/" for 127.0.0.1 at 2018-07-08 14:26:50 -0500
Processing by TweeetsController#index as HTML
  Rendering tweeets/index.html.erb within layouts/application
  Rendered tweeets/_trends.html.erb (1.0ms)
  [1m[36mTweeet Load (1.0ms)[0m  [1m[34mSELECT "tweeets".* FROM "tweeets" ORDER BY created_at DESC[0m
  Rendered tweeets/_feed.html.erb (3.0ms)
  Rendered tweeets/_who-to-follow.html.erb (0.0ms)
  Rendered tweeets/index.html.erb within layouts/application (53.9ms)
Completed 200 OK in 284ms (Views: 249.9ms | ActiveRecord: 1.0ms)


Started GET "/" for 127.0.0.1 at 2018-07-08 14:26:52 -0500
Processing by TweeetsController#index as HTML
  Rendering tweeets/index.html.erb within layouts/application
  Rendered tweeets/_trends.html.erb (1.0ms)
  [1m[36mTweeet Load (0.0ms)[0m  [1m[34mSELECT "tweeets".* FROM "tweeets" ORDER BY created_at DESC[0m
  Rendered tweeets/_feed.html.erb (3.0ms)
  Rendered tweeets/_who-to-follow.html.erb (2.0ms)
  Rendered tweeets/index.html.erb within layouts/application (61.8ms)
Completed 200 OK in 275ms (Views: 255.2ms | ActiveRecord: 0.0ms)


Started GET "/" for 127.0.0.1 at 2018-07-08 14:26:54 -0500
Processing by TweeetsController#index as HTML
  Rendering tweeets/index.html.erb within layouts/application
  Rendered tweeets/_trends.html.erb (0.0ms)
  [1m[36mTweeet Load (1.0ms)[0m  [1m[34mSELECT "tweeets".* FROM "tweeets" ORDER BY created_at DESC[0m
  Rendered tweeets/_feed.html.erb (4.0ms)
  Rendered tweeets/_who-to-follow.html.erb (1.0ms)
  Rendered tweeets/index.html.erb within layouts/application (54.4ms)
Completed 200 OK in 224ms (Views: 202.9ms | ActiveRecord: 1.0ms)


Started GET "/" for 127.0.0.1 at 2018-07-08 14:26:55 -0500
Processing by TweeetsController#index as HTML
  Rendering tweeets/index.html.erb within layouts/application
  Rendered tweeets/_trends.html.erb (1.0ms)
  [1m[36mTweeet Load (1.0ms)[0m  [1m[34mSELECT "tweeets".* FROM "tweeets" ORDER BY created_at DESC[0m
  Rendered tweeets/_feed.html.erb (5.0ms)
  Rendered tweeets/_who-to-follow.html.erb (1.0ms)
  Rendered tweeets/index.html.erb within layouts/application (64.8ms)
Completed 200 OK in 240ms (Views: 220.5ms | ActiveRecord: 1.0ms)


Started GET "/users/sign_in" for 127.0.0.1 at 2018-07-08 14:26:56 -0500
Processing by Devise::SessionsController#new as HTML
  Rendering devise/sessions/new.html.erb within layouts/application
  Rendered devise/shared/_links.html.erb (1.0ms)
  Rendered devise/sessions/new.html.erb within layouts/application (179.5ms)
Completed 200 OK in 421ms (Views: 397.1ms | ActiveRecord: 2.0ms)


Started GET "/users/sign_up" for 127.0.0.1 at 2018-07-08 14:26:56 -0500
Processing by RegistrationsController#new as HTML
  Rendering devise/registrations/new.html.erb within layouts/application
  Rendered devise/shared/_links.html.erb (2.0ms)
  Rendered devise/registrations/new.html.erb within layouts/application (41.9ms)
Completed 200 OK in 313ms (Views: 312.0ms | ActiveRecord: 0.0ms)


Started GET "/users/sign_in" for 127.0.0.1 at 2018-07-08 14:26:58 -0500
Processing by Devise::SessionsController#new as HTML
  Rendering devise/sessions/new.html.erb within layouts/application
  Rendered devise/shared/_links.html.erb (1.0ms)
  Rendered devise/sessions/new.html.erb within layouts/application (27.8ms)
Completed 200 OK in 214ms (Views: 212.2ms | ActiveRecord: 0.0ms)


Started GET "/users/sign_up" for 127.0.0.1 at 2018-07-08 14:26:59 -0500
Processing by RegistrationsController#new as HTML
  Rendering devise/registrations/new.html.erb within layouts/application
  Rendered devise/shared/_links.html.erb (1.0ms)
  Rendered devise/registrations/new.html.erb within layouts/application (26.0ms)
Completed 200 OK in 298ms (Views: 296.5ms | ActiveRecord: 0.0ms)


Started GET "/" for 127.0.0.1 at 2018-07-08 14:27:13 -0500
Processing by TweeetsController#index as HTML
  Rendering tweeets/index.html.erb within layouts/application
  Rendered tweeets/_trends.html.erb (0.0ms)
  [1m[36mTweeet Load (1.0ms)[0m  [1m[34mSELECT "tweeets".* FROM "tweeets" ORDER BY created_at DESC[0m
  Rendered tweeets/_feed.html.erb (3.0ms)
  Rendered tweeets/_who-to-follow.html.erb (1.0ms)
  Rendered tweeets/index.html.erb within layouts/application (52.9ms)
Completed 200 OK in 258ms (Views: 238.1ms | ActiveRecord: 1.0ms)


Started GET "/" for 127.0.0.1 at 2018-07-08 14:34:03 -0500
Processing by TweeetsController#index as HTML
  Rendering tweeets/index.html.erb within layouts/application
  Rendered tweeets/_trends.html.erb (0.0ms)
  [1m[36mTweeet Load (0.0ms)[0m  [1m[34mSELECT "tweeets".* FROM "tweeets" ORDER BY created_at DESC[0m
  Rendered tweeets/_feed.html.erb (4.0ms)
  Rendered tweeets/_who-to-follow.html.erb (0.0ms)
  Rendered tweeets/index.html.erb within layouts/application (81.8ms)
Completed 200 OK in 273ms (Views: 253.2ms | ActiveRecord: 0.0ms)


Started GET "/" for 127.0.0.1 at 2018-07-08 14:34:06 -0500
Processing by TweeetsController#index as HTML
  Rendering tweeets/index.html.erb within layouts/application
  Rendered tweeets/_trends.html.erb (0.0ms)
  [1m[36mTweeet Load (0.0ms)[0m  [1m[34mSELECT "tweeets".* FROM "tweeets" ORDER BY created_at DESC[0m
  Rendered tweeets/_feed.html.erb (3.0ms)
  Rendered tweeets/_who-to-follow.html.erb (1.0ms)
  Rendered tweeets/index.html.erb within layouts/application (50.8ms)
Completed 200 OK in 237ms (Views: 215.8ms | ActiveRecord: 0.0ms)


Started GET "/" for 127.0.0.1 at 2018-07-08 14:34:42 -0500
Processing by TweeetsController#index as HTML
  Rendering tweeets/index.html.erb within layouts/application
  Rendered tweeets/_trends.html.erb (0.0ms)
  [1m[36mTweeet Load (0.0ms)[0m  [1m[34mSELECT "tweeets".* FROM "tweeets" ORDER BY created_at DESC[0m
  Rendered tweeets/_feed.html.erb (3.0ms)
  Rendered tweeets/_who-to-follow.html.erb (1.0ms)
  Rendered tweeets/index.html.erb within layouts/application (56.8ms)
Completed 200 OK in 245ms (Views: 228.9ms | ActiveRecord: 0.0ms)


Started GET "/" for 127.0.0.1 at 2018-07-08 15:32:39 -0500
Processing by TweeetsController#index as HTML
  Rendering tweeets/index.html.erb within layouts/application
  Rendered tweeets/_trends.html.erb (1.0ms)
  [1m[36mTweeet Load (1.0ms)[0m  [1m[34mSELECT "tweeets".* FROM "tweeets" ORDER BY created_at DESC[0m
  Rendered tweeets/_feed.html.erb (7.0ms)
  Rendered tweeets/_who-to-follow.html.erb (2.0ms)
  Rendered tweeets/index.html.erb within layouts/application (60.8ms)
Completed 200 OK in 369ms (Views: 337.4ms | ActiveRecord: 1.0ms)


Started GET "/users/sign_in" for 127.0.0.1 at 2018-07-08 15:32:42 -0500
Processing by Devise::SessionsController#new as HTML
  Rendering devise/sessions/new.html.erb within layouts/application
  Rendered devise/shared/_links.html.erb (2.0ms)
  Rendered devise/sessions/new.html.erb within layouts/application (38.9ms)
Completed 200 OK in 253ms (Views: 250.7ms | ActiveRecord: 0.0ms)


Started GET "/users/sign_up" for 127.0.0.1 at 2018-07-08 15:32:47 -0500
Processing by RegistrationsController#new as HTML
  Rendering devise/registrations/new.html.erb within layouts/application
  Rendered devise/shared/_links.html.erb (3.0ms)
  Rendered devise/registrations/new.html.erb within layouts/application (41.9ms)
Completed 200 OK in 359ms (Views: 355.8ms | ActiveRecord: 0.0ms)


Started POST "/users" for 127.0.0.1 at 2018-07-08 15:33:41 -0500
Processing by RegistrationsController#create as HTML
  Parameters: {"utf8"=>"✓", "authenticity_token"=>"7212kJZvGKk2MxCNZ3h2w9KHyTORvTYse6tdc6boxRdNlQ+xigmQOuaMwEneIGwK1eYlxn+0P283/YzZY5ItTw==", "user"=>{"name"=>"Victor Nguyen", "username"=>"CantNguyen", "email"=>"vdn140030@gmail.com", "password"=>"[FILTERED]", "password_confirmation"=>"[FILTERED]"}, "commit"=>"Sign up"}
Completed 500 Internal Server Error in 32ms (ActiveRecord: 0.0ms)



LoadError - cannot load such file -- 2.3/bcrypt_ext:

Started POST "/__better_errors/c14ca5717ee524ad/variables" for 127.0.0.1 at 2018-07-08 15:33:41 -0500
Started POST "/users" for 127.0.0.1 at 2018-07-08 15:34:03 -0500
Processing by RegistrationsController#create as HTML
  Parameters: {"utf8"=>"✓", "authenticity_token"=>"Cx70uw6cUsN2oWeHYKFKY3oISnZiiCciXERri7NPjz/6OKzK5BNlz+QZmeTnSZ8rokYuVnrNcvDEL8xHhNQmFA==", "user"=>{"name"=>"Victor Nguyen", "username"=>"CantNguyen", "email"=>"vdn140030@gmail.com", "password"=>"[FILTERED]", "password_confirmation"=>"[FILTERED]"}, "commit"=>"Sign up"}
Completed 500 Internal Server Error in 41ms (ActiveRecord: 0.0ms)



LoadError - cannot load such file -- 2.3/bcrypt_ext:

Started POST "/__better_errors/affc2e982c492990/variables" for 127.0.0.1 at 2018-07-08 15:34:04 -0500
Started POST "/__better_errors/affc2e982c492990/variables" for 127.0.0.1 at 2018-07-08 15:34:22 -0500
Started POST "/__better_errors/affc2e982c492990/variables" for 127.0.0.1 at 2018-07-08 15:34:24 -0500
Started POST "/__better_errors/affc2e982c492990/variables" for 127.0.0.1 at 2018-07-08 15:34:26 -0500
Started POST "/__better_errors/affc2e982c492990/variables" for 127.0.0.1 at 2018-07-08 15:34:27 -0500
Started POST "/__better_errors/affc2e982c492990/variables" for 127.0.0.1 at 2018-07-08 15:34:27 -0500
Started POST "/__better_errors/affc2e982c492990/variables" for 127.0.0.1 at 2018-07-08 15:34:29 -0500
Started POST "/__better_errors/affc2e982c492990/variables" for 127.0.0.1 at 2018-07-08 15:34:29 -0500
Started POST "/__better_errors/affc2e982c492990/variables" for 127.0.0.1 at 2018-07-08 15:34:30 -0500
Started POST "/__better_errors/affc2e982c492990/variables" for 127.0.0.1 at 2018-07-08 15:34:31 -0500
Started GET "/users/sign_in" for 127.0.0.1 at 2018-07-08 15:34:33 -0500
Processing by Devise::SessionsController#new as HTML
  Rendering devise/sessions/new.html.erb within layouts/application
  Rendered devise/shared/_links.html.erb (1.0ms)
  Rendered devise/sessions/new.html.erb within layouts/application (32.4ms)
Completed 200 OK in 242ms (Views: 241.3ms | ActiveRecord: 0.0ms)


Started GET "/" for 127.0.0.1 at 2018-07-08 15:34:34 -0500
Processing by TweeetsController#index as HTML
  Rendering tweeets/index.html.erb within layouts/application
  Rendered tweeets/_trends.html.erb (1.0ms)
  [1m[36mTweeet Load (1.0ms)[0m  [1m[34mSELECT "tweeets".* FROM "tweeets" ORDER BY created_at DESC[0m
  Rendered tweeets/_feed.html.erb (5.0ms)
  Rendered tweeets/_who-to-follow.html.erb (0.0ms)
  Rendered tweeets/index.html.erb within layouts/application (57.8ms)
Completed 200 OK in 243ms (Views: 225.0ms | ActiveRecord: 1.0ms)


Started GET "/" for 127.0.0.1 at 2018-07-08 15:34:36 -0500
Processing by TweeetsController#index as HTML
  Rendering tweeets/index.html.erb within layouts/application
  Rendered tweeets/_trends.html.erb (0.0ms)
  [1m[36mTweeet Load (0.0ms)[0m  [1m[34mSELECT "tweeets".* FROM "tweeets" ORDER BY created_at DESC[0m
  Rendered tweeets/_feed.html.erb (3.0ms)
  Rendered tweeets/_who-to-follow.html.erb (0.0ms)
  Rendered tweeets/index.html.erb within layouts/application (46.8ms)
Completed 200 OK in 197ms (Views: 181.0ms | ActiveRecord: 0.0ms)


Started GET "/" for 127.0.0.1 at 2018-07-08 15:34:38 -0500
Processing by TweeetsController#index as HTML
  Rendering tweeets/index.html.erb within layouts/application
  Rendered tweeets/_trends.html.erb (0.0ms)
  [1m[36mTweeet Load (0.0ms)[0m  [1m[34mSELECT "tweeets".* FROM "tweeets" ORDER BY created_at DESC[0m
  Rendered tweeets/_feed.html.erb (2.0ms)
  Rendered tweeets/_who-to-follow.html.erb (0.0ms)
  Rendered tweeets/index.html.erb within layouts/application (52.9ms)
Completed 200 OK in 227ms (Views: 208.6ms | ActiveRecord: 0.0ms)


Started GET "/" for 127.0.0.1 at 2018-07-08 15:43:03 -0500
  [1m[35m (0.0ms)[0m  [1m[34mSELECT "schema_migrations"."version" FROM "schema_migrations" ORDER BY "schema_migrations"."version" ASC[0m
Processing by TweeetsController#index as HTML
  Rendering tweeets/index.html.erb within layouts/application
  Rendered tweeets/_trends.html.erb (0.0ms)
  [1m[36mTweeet Load (0.0ms)[0m  [1m[34mSELECT "tweeets".* FROM "tweeets" ORDER BY created_at DESC[0m
  Rendered tweeets/_feed.html.erb (8.5ms)
  Rendered tweeets/_who-to-follow.html.erb (1.0ms)
  Rendered tweeets/index.html.erb within layouts/application (67.3ms)
Completed 200 OK in 623ms (Views: 560.2ms | ActiveRecord: 3.0ms)


Started GET "/users/sign_in" for 127.0.0.1 at 2018-07-08 15:46:05 -0500
Processing by Devise::SessionsController#new as HTML
  Rendering devise/sessions/new.html.erb within layouts/application
  Rendered devise/shared/_links.html.erb (3.0ms)
  Rendered devise/sessions/new.html.erb within layouts/application (178.0ms)
Completed 200 OK in 428ms (Views: 393.9ms | ActiveRecord: 2.0ms)


Started POST "/users/sign_in" for 127.0.0.1 at 2018-07-08 15:46:08 -0500
Processing by Devise::SessionsController#create as HTML
  Parameters: {"utf8"=>"✓", "authenticity_token"=>"h+BAU0HUMQbEcQoCTpTxXqWJ6WDwTvzMb+cxgM3ftr0nPU8f/80GP/g1bzC+PbAB+qmMxTJEDxTzIsHdlrg+Eg==", "user"=>{"email"=>"a", "password"=>"[FILTERED]", "remember_me"=>"0"}, "commit"=>"Log in"}
  [1m[36mUser Load (1.0ms)[0m  [1m[34mSELECT  "users".* FROM "users" WHERE "users"."email" = ? ORDER BY "users"."id" ASC LIMIT ?[0m  [["email", "a"], ["LIMIT", 1]]
Completed 401 Unauthorized in 12ms (ActiveRecord: 1.0ms)


Processing by Devise::SessionsController#new as HTML
  Parameters: {"utf8"=>"✓", "authenticity_token"=>"h+BAU0HUMQbEcQoCTpTxXqWJ6WDwTvzMb+cxgM3ftr0nPU8f/80GP/g1bzC+PbAB+qmMxTJEDxTzIsHdlrg+Eg==", "user"=>{"email"=>"a", "password"=>"[FILTERED]", "remember_me"=>"0"}, "commit"=>"Log in"}
Completed 500 Internal Server Error in 29ms (ActiveRecord: 0.0ms)



LoadError - cannot load such file -- 2.3/bcrypt_ext:

Started POST "/__better_errors/6aada8824e2a341a/variables" for 127.0.0.1 at 2018-07-08 15:46:08 -0500
Started POST "/__better_errors/6aada8824e2a341a/variables" for 127.0.0.1 at 2018-07-08 15:46:22 -0500
Started POST "/__better_errors/6aada8824e2a341a/variables" for 127.0.0.1 at 2018-07-08 15:46:22 -0500
Started POST "/__better_errors/6aada8824e2a341a/variables" for 127.0.0.1 at 2018-07-08 15:46:23 -0500
Started POST "/__better_errors/6aada8824e2a341a/variables" for 127.0.0.1 at 2018-07-08 15:46:23 -0500
Started POST "/__better_errors/6aada8824e2a341a/variables" for 127.0.0.1 at 2018-07-08 15:46:24 -0500
Started GET "/" for 127.0.0.1 at 2018-07-08 16:01:05 -0500
Processing by TweeetsController#index as HTML
  Rendering tweeets/index.html.erb within layouts/application
  Rendered tweeets/_trends.html.erb (0.0ms)
  [1m[36mTweeet Load (1.0ms)[0m  [1m[34mSELECT "tweeets".* FROM "tweeets" ORDER BY created_at DESC[0m
  Rendered tweeets/_feed.html.erb (4.0ms)
  Rendered tweeets/_who-to-follow.html.erb (0.0ms)
  Rendered tweeets/index.html.erb within layouts/application (58.8ms)
Completed 200 OK in 233ms (Views: 208.9ms | ActiveRecord: 1.0ms)


Started GET "/" for 127.0.0.1 at 2018-07-08 16:01:11 -0500
Processing by TweeetsController#index as HTML
  Rendering tweeets/index.html.erb within layouts/application
  Rendered tweeets/_trends.html.erb (0.0ms)
  [1m[36mTweeet Load (1.0ms)[0m  [1m[34mSELECT "tweeets".* FROM "tweeets" ORDER BY created_at DESC[0m
  Rendered tweeets/_feed.html.erb (3.0ms)
  Rendered tweeets/_who-to-follow.html.erb (0.0ms)
  Rendered tweeets/index.html.erb within layouts/application (48.9ms)
Completed 200 OK in 204ms (Views: 186.4ms | ActiveRecord: 1.0ms)


Started GET "/" for 127.0.0.1 at 2018-07-08 16:01:11 -0500
Processing by TweeetsController#index as HTML
  Rendering tweeets/index.html.erb within layouts/application
  Rendered tweeets/_trends.html.erb (0.0ms)
  [1m[36mTweeet Load (1.0ms)[0m  [1m[34mSELECT "tweeets".* FROM "tweeets" ORDER BY created_at DESC[0m
  Rendered tweeets/_feed.html.erb (4.0ms)
Started GET "/" for 127.0.0.1 at 2018-07-08 16:01:12 -0500
Processing by TweeetsController#index as HTML
  Rendered tweeets/_who-to-follow.html.erb (1.0ms)
  Rendered tweeets/index.html.erb within layouts/application (100.7ms)
  Rendering tweeets/index.html.erb within layouts/application
  Rendered tweeets/_trends.html.erb (0.0ms)
  [1m[36mTweeet Load (1.0ms)[0m  [1m[34mSELECT "tweeets".* FROM "tweeets" ORDER BY created_at DESC[0m
  Rendered tweeets/_feed.html.erb (6.0ms)
  Rendered tweeets/_who-to-follow.html.erb (1.0ms)
  Rendered tweeets/index.html.erb within layouts/application (93.8ms)
Completed 200 OK in 454ms (Views: 422.4ms | ActiveRecord: 1.0ms)


Completed 200 OK in 301ms (Views: 269.9ms | ActiveRecord: 1.0ms)


Started GET "/" for 127.0.0.1 at 2018-07-08 16:01:13 -0500
Processing by TweeetsController#index as HTML
  Rendering tweeets/index.html.erb within layouts/application
  Rendered tweeets/_trends.html.erb (2.0ms)
  [1m[36mTweeet Load (0.0ms)[0m  [1m[34mSELECT "tweeets".* FROM "tweeets" ORDER BY created_at DESC[0m
  Rendered tweeets/_feed.html.erb (4.0ms)
  Rendered tweeets/_who-to-follow.html.erb (1.0ms)
  Rendered tweeets/index.html.erb within layouts/application (59.8ms)
Completed 200 OK in 247ms (Views: 224.5ms | ActiveRecord: 0.0ms)


Started GET "/users/sign_in" for 127.0.0.1 at 2018-07-08 16:01:15 -0500
Processing by Devise::SessionsController#new as HTML
  Rendering devise/sessions/new.html.erb within layouts/application
  Rendered devise/shared/_links.html.erb (2.0ms)
  Rendered devise/sessions/new.html.erb within layouts/application (25.9ms)
Completed 200 OK in 225ms (Views: 223.9ms | ActiveRecord: 0.0ms)


Started GET "/users/password/new" for 127.0.0.1 at 2018-07-08 16:01:18 -0500
Processing by Devise::PasswordsController#new as HTML
  Rendering devise/passwords/new.html.erb within layouts/application
  Rendered devise/shared/_links.html.erb (2.0ms)
  Rendered devise/passwords/new.html.erb within layouts/application (28.9ms)
Completed 200 OK in 249ms (Views: 227.9ms | ActiveRecord: 0.0ms)


Started POST "/users/password" for 127.0.0.1 at 2018-07-08 16:01:23 -0500
Processing by Devise::PasswordsController#create as HTML
  Parameters: {"utf8"=>"✓", "authenticity_token"=>"utqUql8jTXd9rrTdFVuaKy6n0dMn6Bn+ZY1eHOgJXqe/SgZZfab3Iw/4nFmmbdSNX11cEWMXdQ8GWJR0lNrsPg==", "user"=>{"email"=>"vdn140030@gmail.com"}, "commit"=>"Send me reset password instructions"}
  [1m[36mUser Load (0.0ms)[0m  [1m[34mSELECT  "users".* FROM "users" WHERE "users"."email" = ? ORDER BY "users"."id" ASC LIMIT ?[0m  [["email", "vdn140030@gmail.com"], ["LIMIT", 1]]
  Rendering devise/passwords/new.html.erb within layouts/application
  Rendered devise/shared/_links.html.erb (1.0ms)
  Rendered devise/passwords/new.html.erb within layouts/application (20.9ms)
Completed 200 OK in 415ms (Views: 252.6ms | ActiveRecord: 0.0ms)


Started GET "/users/sign_in" for 127.0.0.1 at 2018-07-08 16:02:37 -0500
Processing by Devise::SessionsController#new as HTML
  Rendering devise/sessions/new.html.erb within layouts/application
  Rendered devise/shared/_links.html.erb (2.0ms)
  Rendered devise/sessions/new.html.erb within layouts/application (30.9ms)
Completed 200 OK in 278ms (Views: 275.0ms | ActiveRecord: 0.0ms)


Started GET "/users/sign_up" for 127.0.0.1 at 2018-07-08 16:02:39 -0500
Processing by RegistrationsController#new as HTML
  Rendering devise/registrations/new.html.erb within layouts/application
  Rendered devise/shared/_links.html.erb (1.0ms)
  Rendered devise/registrations/new.html.erb within layouts/application (34.4ms)
Completed 200 OK in 322ms (Views: 319.4ms | ActiveRecord: 0.0ms)


Started POST "/users" for 127.0.0.1 at 2018-07-08 16:03:01 -0500
Processing by RegistrationsController#create as HTML
  Parameters: {"utf8"=>"✓", "authenticity_token"=>"m6so9E8qGrGlC6jzk8wtvm3gKTd+ezKWxIKueG8JiLd1RTXT6rg3/NTPmCgEno7My9yNJHEehdL/8nY/y6z9Rw==", "user"=>{"name"=>"vjeke", "username"=>"sldjf", "email"=>"vdn140030@gmail.com", "password"=>"[FILTERED]", "password_confirmation"=>"[FILTERED]"}, "commit"=>"Sign up"}
Completed 500 Internal Server Error in 23ms (ActiveRecord: 0.0ms)



LoadError - cannot load such file -- 2.3/bcrypt_ext:

Started POST "/__better_errors/32d12ad436459eac/variables" for 127.0.0.1 at 2018-07-08 16:03:01 -0500
Started POST "/__better_errors/32d12ad436459eac/variables" for 127.0.0.1 at 2018-07-08 16:12:40 -0500
Started POST "/__better_errors/32d12ad436459eac/variables" for 127.0.0.1 at 2018-07-08 16:12:41 -0500
Started POST "/__better_errors/32d12ad436459eac/variables" for 127.0.0.1 at 2018-07-08 16:12:43 -0500
Started GET "/" for 127.0.0.1 at 2018-07-08 16:30:09 -0500
  [1m[35m (0.0ms)[0m  [1m[34mSELECT "schema_migrations"."version" FROM "schema_migrations" ORDER BY "schema_migrations"."version" ASC[0m
Processing by TweeetsController#index as HTML
  Rendering tweeets/index.html.erb within layouts/application
  Rendered tweeets/_trends.html.erb (0.0ms)
  [1m[36mTweeet Load (1.0ms)[0m  [1m[34mSELECT "tweeets".* FROM "tweeets" ORDER BY created_at DESC[0m
  Rendered tweeets/_feed.html.erb (4.0ms)
  Rendered tweeets/_who-to-follow.html.erb (0.0ms)
  Rendered tweeets/index.html.erb within layouts/application (58.8ms)
Completed 200 OK in 675ms (Views: 624.6ms | ActiveRecord: 2.0ms)


Started GET "/users/sign_in" for 127.0.0.1 at 2018-07-08 16:30:54 -0500
Processing by Devise::SessionsController#new as HTML
  Rendering devise/sessions/new.html.erb within layouts/application
  Rendered devise/shared/_links.html.erb (3.0ms)
  Rendered devise/sessions/new.html.erb within layouts/application (196.5ms)
Completed 200 OK in 461ms (Views: 429.9ms | ActiveRecord: 1.0ms)


Started POST "/users/sign_in" for 127.0.0.1 at 2018-07-08 16:30:59 -0500
Processing by Devise::SessionsController#create as HTML
  Parameters: {"utf8"=>"✓", "authenticity_token"=>"EHJ+SsxJbV67YMrvEfPaBn7wxUR1QBm0k99dMO0eon6wr3EGclBaZ4ckr93hWptZIdCg4bdK6mwPGq1ttnkq0Q==", "user"=>{"email"=>"vdn140030@gmail.com", "password"=>"[FILTERED]", "remember_me"=>"0"}, "commit"=>"Log in"}
  [1m[36mUser Load (1.0ms)[0m  [1m[34mSELECT  "users".* FROM "users" WHERE "users"."email" = ? ORDER BY "users"."id" ASC LIMIT ?[0m  [["email", "vdn140030@gmail.com"], ["LIMIT", 1]]
Completed 401 Unauthorized in 14ms (ActiveRecord: 1.0ms)


Processing by Devise::SessionsController#new as HTML
  Parameters: {"utf8"=>"✓", "authenticity_token"=>"EHJ+SsxJbV67YMrvEfPaBn7wxUR1QBm0k99dMO0eon6wr3EGclBaZ4ckr93hWptZIdCg4bdK6mwPGq1ttnkq0Q==", "user"=>{"email"=>"vdn140030@gmail.com", "password"=>"[FILTERED]", "remember_me"=>"0"}, "commit"=>"Log in"}
Completed 500 Internal Server Error in 28ms (ActiveRecord: 0.0ms)



LoadError - cannot load such file -- 2.3/bcrypt_ext:

Started POST "/__better_errors/9dd7e27611c95229/variables" for 127.0.0.1 at 2018-07-08 16:31:00 -0500
Started GET "/" for 127.0.0.1 at 2018-07-08 17:05:55 -0500
  [1m[35m (0.0ms)[0m  [1m[34mSELECT "schema_migrations"."version" FROM "schema_migrations" ORDER BY "schema_migrations"."version" ASC[0m
Processing by TweeetsController#index as HTML
  Rendering tweeets/index.html.erb within layouts/application
  Rendered tweeets/_trends.html.erb (0.0ms)
  [1m[36mTweeet Load (0.0ms)[0m  [1m[34mSELECT "tweeets".* FROM "tweeets" ORDER BY created_at DESC[0m
  Rendered tweeets/_feed.html.erb (4.0ms)
  Rendered tweeets/_who-to-follow.html.erb (1.0ms)
  Rendered tweeets/index.html.erb within layouts/application (76.8ms)
Completed 200 OK in 624ms (Views: 571.4ms | ActiveRecord: 2.0ms)


Started GET "/" for 127.0.0.1 at 2018-07-08 17:06:11 -0500
Processing by TweeetsController#index as HTML
  Rendering tweeets/index.html.erb within layouts/application
  Rendered tweeets/_trends.html.erb (1.0ms)
  [1m[36mTweeet Load (1.0ms)[0m  [1m[34mSELECT "tweeets".* FROM "tweeets" ORDER BY created_at DESC[0m
  Rendered tweeets/_feed.html.erb (3.0ms)
  Rendered tweeets/_who-to-follow.html.erb (1.0ms)
  Rendered tweeets/index.html.erb within layouts/application (85.3ms)
Completed 200 OK in 369ms (Views: 350.1ms | ActiveRecord: 1.0ms)


Started GET "/users/sign_up" for 127.0.0.1 at 2018-07-08 17:06:18 -0500
Processing by RegistrationsController#new as HTML
  Rendering devise/registrations/new.html.erb within layouts/application
  Rendered devise/shared/_links.html.erb (1.0ms)
  Rendered devise/registrations/new.html.erb within layouts/application (138.6ms)
Completed 200 OK in 419ms (Views: 394.4ms | ActiveRecord: 0.0ms)


Started POST "/users" for 127.0.0.1 at 2018-07-08 17:06:30 -0500
Processing by RegistrationsController#create as HTML
  Parameters: {"utf8"=>"✓", "authenticity_token"=>"8oGq88clxGMSr/cNh+zT5HFoO6Qq6W7ySHtL/4F5z6kcb7fUYrfpLmNrx9YQvnCW11SftyWM2bZzC5O4Jdy6WQ==", "user"=>{"name"=>"Victor Nguyen", "username"=>"CantNguyen", "email"=>"vdn140030@gmail.com", "password"=>"[FILTERED]", "password_confirmation"=>"[FILTERED]"}, "commit"=>"Sign up"}
  [1m[35m (0.0ms)[0m  [1m[36mbegin transaction[0m
  [1m[36mUser Exists (1.0ms)[0m  [1m[34mSELECT  1 AS one FROM "users" WHERE "users"."email" = ? LIMIT ?[0m  [["email", "vdn140030@gmail.com"], ["LIMIT", 1]]
  [1m[35mSQL (5.0ms)[0m  [1m[32mINSERT INTO "users" ("email", "encrypted_password", "created_at", "updated_at", "name", "username") VALUES (?, ?, ?, ?, ?, ?)[0m  [["email", "vdn140030@gmail.com"], ["encrypted_password", "$2a$11$Os1WQvEp/9/NNwlR17tUg.TIzRMFSWdEgGBCy9VCZmjYv.hSnJkji"], ["created_at", "2018-07-08 22:06:31.067174"], ["updated_at", "2018-07-08 22:06:31.067174"], ["name", "Victor Nguyen"], ["username", "CantNguyen"]]
  [1m[35m (3.1ms)[0m  [1m[36mcommit transaction[0m
  [1m[35m (1.0ms)[0m  [1m[36mbegin transaction[0m
  [1m[35mSQL (2.0ms)[0m  [1m[33mUPDATE "users" SET "sign_in_count" = ?, "current_sign_in_at" = ?, "last_sign_in_at" = ?, "current_sign_in_ip" = ?, "last_sign_in_ip" = ?, "updated_at" = ? WHERE "users"."id" = ?[0m  [["sign_in_count", 1], ["current_sign_in_at", "2018-07-08 22:06:31.083261"], ["last_sign_in_at", "2018-07-08 22:06:31.083261"], ["current_sign_in_ip", "127.0.0.1"], ["last_sign_in_ip", "127.0.0.1"], ["updated_at", "2018-07-08 22:06:31.085253"], ["id", 1]]
  [1m[35m (13.0ms)[0m  [1m[36mcommit transaction[0m
Redirected to http://localhost:3000/
Completed 302 Found in 438ms (ActiveRecord: 25.1ms)


Started GET "/" for 127.0.0.1 at 2018-07-08 17:06:31 -0500
Processing by TweeetsController#index as HTML
  Rendering tweeets/index.html.erb within layouts/application
  [1m[36mUser Load (0.0ms)[0m  [1m[34mSELECT  "users".* FROM "users" WHERE "users"."id" = ? ORDER BY "users"."id" ASC LIMIT ?[0m  [["id", 1], ["LIMIT", 1]]
  [1m[35m (0.0ms)[0m  [1m[34mSELECT COUNT(*) FROM "tweeets" WHERE "tweeets"."user_id" = ?[0m  [["user_id", 1]]
  Rendered tweeets/_profile.html.erb (30.9ms)
  Rendered tweeets/_form.html.erb (7.0ms)
  [1m[36mTweeet Load (0.0ms)[0m  [1m[34mSELECT "tweeets".* FROM "tweeets" ORDER BY created_at DESC[0m
  Rendered tweeets/_feed.html.erb (23.9ms)
  Rendered tweeets/_who-to-follow.html.erb (0.0ms)
  Rendered tweeets/index.html.erb within layouts/application (109.7ms)
Completed 200 OK in 261ms (Views: 245.3ms | ActiveRecord: 0.0ms)


Started POST "/tweeets" for 127.0.0.1 at 2018-07-08 17:06:49 -0500
Processing by TweeetsController#create as HTML
  Parameters: {"utf8"=>"✓", "authenticity_token"=>"hK/HEyguo0Bqk+H09BXfHTwEmHNrVFxBkpZeRcDkk5EYdWeLEXleqyHyVLveAUzxfSa4hZ1smA6yb85iFGFRDw==", "tweeet"=>{"tweeet"=>"1st Tweet. Hello, World!"}, "commit"=>"Create Tweeet"}
  [1m[36mUser Load (0.0ms)[0m  [1m[34mSELECT  "users".* FROM "users" WHERE "users"."id" = ? ORDER BY "users"."id" ASC LIMIT ?[0m  [["id", 1], ["LIMIT", 1]]
  [1m[35m (0.0ms)[0m  [1m[36mbegin transaction[0m
  [1m[35mSQL (4.0ms)[0m  [1m[32mINSERT INTO "tweeets" ("tweeet", "created_at", "updated_at", "user_id") VALUES (?, ?, ?, ?)[0m  [["tweeet", "1st Tweet. Hello, World!"], ["created_at", "2018-07-08 22:06:49.917918"], ["updated_at", "2018-07-08 22:06:49.917918"], ["user_id", 1]]
  [1m[35m (5.0ms)[0m  [1m[36mcommit transaction[0m
Redirected to http://localhost:3000/
Completed 302 Found in 43ms (ActiveRecord: 9.0ms)


Started GET "/" for 127.0.0.1 at 2018-07-08 17:06:49 -0500
Processing by TweeetsController#index as HTML
  Rendering tweeets/index.html.erb within layouts/application
  [1m[36mUser Load (0.0ms)[0m  [1m[34mSELECT  "users".* FROM "users" WHERE "users"."id" = ? ORDER BY "users"."id" ASC LIMIT ?[0m  [["id", 1], ["LIMIT", 1]]
  [1m[35m (1.0ms)[0m  [1m[34mSELECT COUNT(*) FROM "tweeets" WHERE "tweeets"."user_id" = ?[0m  [["user_id", 1]]
  Rendered tweeets/_profile.html.erb (3.0ms)
  Rendered tweeets/_form.html.erb (3.0ms)
  [1m[36mTweeet Load (0.0ms)[0m  [1m[34mSELECT "tweeets".* FROM "tweeets" ORDER BY created_at DESC[0m
  [1m[36mUser Load (0.0ms)[0m  [1m[34mSELECT  "users".* FROM "users" WHERE "users"."id" = ? LIMIT ?[0m  [["id", 1], ["LIMIT", 1]]
  Rendered tweeets/_feed.html.erb (34.4ms)
  Rendered tweeets/_who-to-follow.html.erb (0.0ms)
  Rendered tweeets/index.html.erb within layouts/application (89.3ms)
Completed 200 OK in 244ms (Views: 225.7ms | ActiveRecord: 1.0ms)


Started GET "/tweeets/1" for 127.0.0.1 at 2018-07-08 17:06:52 -0500
Processing by TweeetsController#show as HTML
  Parameters: {"id"=>"1"}
  [1m[36mTweeet Load (1.0ms)[0m  [1m[34mSELECT  "tweeets".* FROM "tweeets" WHERE "tweeets"."id" = ? LIMIT ?[0m  [["id", 1], ["LIMIT", 1]]
  Rendering tweeets/show.html.erb within layouts/application
  Rendered tweeets/show.html.erb within layouts/application (2.0ms)
  [1m[36mUser Load (1.0ms)[0m  [1m[34mSELECT  "users".* FROM "users" WHERE "users"."id" = ? ORDER BY "users"."id" ASC LIMIT ?[0m  [["id", 1], ["LIMIT", 1]]
Completed 200 OK in 165ms (Views: 142.5ms | ActiveRecord: 2.0ms)


Started GET "/tweeets" for 127.0.0.1 at 2018-07-08 17:06:54 -0500
Processing by TweeetsController#index as HTML
  Rendering tweeets/index.html.erb within layouts/application
  [1m[36mUser Load (1.0ms)[0m  [1m[34mSELECT  "users".* FROM "users" WHERE "users"."id" = ? ORDER BY "users"."id" ASC LIMIT ?[0m  [["id", 1], ["LIMIT", 1]]
  [1m[35m (0.0ms)[0m  [1m[34mSELECT COUNT(*) FROM "tweeets" WHERE "tweeets"."user_id" = ?[0m  [["user_id", 1]]
  Rendered tweeets/_profile.html.erb (4.0ms)
  Rendered tweeets/_form.html.erb (4.0ms)
  [1m[36mTweeet Load (0.0ms)[0m  [1m[34mSELECT "tweeets".* FROM "tweeets" ORDER BY created_at DESC[0m
  [1m[36mUser Load (0.0ms)[0m  [1m[34mSELECT  "users".* FROM "users" WHERE "users"."id" = ? LIMIT ?[0m  [["id", 1], ["LIMIT", 1]]
  Rendered tweeets/_feed.html.erb (32.9ms)
  Rendered tweeets/_who-to-follow.html.erb (0.0ms)
  Rendered tweeets/index.html.erb within layouts/application (95.7ms)
Completed 200 OK in 267ms (Views: 244.0ms | ActiveRecord: 1.0ms)


Started GET "/users/edit" for 127.0.0.1 at 2018-07-08 17:07:00 -0500
Processing by RegistrationsController#edit as HTML
  [1m[36mUser Load (1.0ms)[0m  [1m[34mSELECT  "users".* FROM "users" WHERE "users"."id" = ? ORDER BY "users"."id" ASC LIMIT ?[0m  [["id", 1], ["LIMIT", 1]]
  Rendering devise/registrations/edit.html.erb within layouts/application
  Rendered devise/registrations/edit.html.erb within layouts/application (14.0ms)
Completed 200 OK in 266ms (Views: 259.4ms | ActiveRecord: 1.0ms)


Started GET "/users/edit" for 127.0.0.1 at 2018-07-08 17:07:15 -0500
Processing by RegistrationsController#edit as HTML
  [1m[36mUser Load (2.0ms)[0m  [1m[34mSELECT  "users".* FROM "users" WHERE "users"."id" = ? ORDER BY "users"."id" ASC LIMIT ?[0m  [["id", 1], ["LIMIT", 1]]
  Rendering devise/registrations/edit.html.erb within layouts/application
  Rendered devise/registrations/edit.html.erb within layouts/application (10.0ms)
Completed 200 OK in 233ms (Views: 226.5ms | ActiveRecord: 2.0ms)


Started GET "/users/edit" for 127.0.0.1 at 2018-07-08 17:07:17 -0500
Processing by RegistrationsController#edit as HTML
  [1m[36mUser Load (1.0ms)[0m  [1m[34mSELECT  "users".* FROM "users" WHERE "users"."id" = ? ORDER BY "users"."id" ASC LIMIT ?[0m  [["id", 1], ["LIMIT", 1]]
  Rendering devise/registrations/edit.html.erb within layouts/application
  Rendered devise/registrations/edit.html.erb within layouts/application (11.9ms)
Completed 200 OK in 258ms (Views: 253.8ms | ActiveRecord: 1.0ms)


Started GET "/" for 127.0.0.1 at 2018-07-08 17:07:18 -0500
Processing by TweeetsController#index as HTML
  Rendering tweeets/index.html.erb within layouts/application
  [1m[36mUser Load (1.0ms)[0m  [1m[34mSELECT  "users".* FROM "users" WHERE "users"."id" = ? ORDER BY "users"."id" ASC LIMIT ?[0m  [["id", 1], ["LIMIT", 1]]
  [1m[35m (0.0ms)[0m  [1m[34mSELECT COUNT(*) FROM "tweeets" WHERE "tweeets"."user_id" = ?[0m  [["user_id", 1]]
  Rendered tweeets/_profile.html.erb (3.0ms)
  Rendered tweeets/_form.html.erb (4.0ms)
  [1m[36mTweeet Load (1.0ms)[0m  [1m[34mSELECT "tweeets".* FROM "tweeets" ORDER BY created_at DESC[0m
  [1m[36mUser Load (0.0ms)[0m  [1m[34mSELECT  "users".* FROM "users" WHERE "users"."id" = ? LIMIT ?[0m  [["id", 1], ["LIMIT", 1]]
  Rendered tweeets/_feed.html.erb (26.9ms)
  Rendered tweeets/_who-to-follow.html.erb (1.0ms)
  Rendered tweeets/index.html.erb within layouts/application (81.8ms)
Completed 200 OK in 238ms (Views: 213.2ms | ActiveRecord: 2.0ms)


Started GET "/tweeets/1" for 127.0.0.1 at 2018-07-08 17:07:42 -0500
Processing by TweeetsController#show as HTML
  Parameters: {"id"=>"1"}
  [1m[36mTweeet Load (0.0ms)[0m  [1m[34mSELECT  "tweeets".* FROM "tweeets" WHERE "tweeets"."id" = ? LIMIT ?[0m  [["id", 1], ["LIMIT", 1]]
  Rendering tweeets/show.html.erb within layouts/application
  Rendered tweeets/show.html.erb within layouts/application (1.0ms)
  [1m[36mUser Load (0.0ms)[0m  [1m[34mSELECT  "users".* FROM "users" WHERE "users"."id" = ? ORDER BY "users"."id" ASC LIMIT ?[0m  [["id", 1], ["LIMIT", 1]]
Completed 200 OK in 179ms (Views: 153.6ms | ActiveRecord: 0.0ms)


Started GET "/tweeets/1/edit" for 127.0.0.1 at 2018-07-08 17:07:43 -0500
Processing by TweeetsController#edit as HTML
  Parameters: {"id"=>"1"}
  [1m[36mTweeet Load (0.0ms)[0m  [1m[34mSELECT  "tweeets".* FROM "tweeets" WHERE "tweeets"."id" = ? LIMIT ?[0m  [["id", 1], ["LIMIT", 1]]
  [1m[36mUser Load (0.0ms)[0m  [1m[34mSELECT  "users".* FROM "users" WHERE "users"."id" = ? ORDER BY "users"."id" ASC LIMIT ?[0m  [["id", 1], ["LIMIT", 1]]
  Rendering tweeets/edit.html.erb within layouts/application
  Rendered tweeets/_form.html.erb (3.0ms)
  Rendered tweeets/edit.html.erb within layouts/application (20.9ms)
Completed 200 OK in 202ms (Views: 177.5ms | ActiveRecord: 0.0ms)


Started PATCH "/tweeets/1" for 127.0.0.1 at 2018-07-08 17:07:45 -0500
Processing by TweeetsController#update as HTML
  Parameters: {"utf8"=>"✓", "authenticity_token"=>"SEMhVYq6DkNg2YRRMIaQEUHyG7TcpY+LIKchEpD+cZmqtZp9rDYM8Pjg0zbBFPiukWgC3RDda+94x+9PE87Jog==", "tweeet"=>{"tweeet"=>"1st Tweet. Hello, World!"}, "commit"=>"Update Tweeet", "id"=>"1"}
  [1m[36mTweeet Load (1.0ms)[0m  [1m[34mSELECT  "tweeets".* FROM "tweeets" WHERE "tweeets"."id" = ? LIMIT ?[0m  [["id", 1], ["LIMIT", 1]]
  [1m[36mUser Load (0.0ms)[0m  [1m[34mSELECT  "users".* FROM "users" WHERE "users"."id" = ? ORDER BY "users"."id" ASC LIMIT ?[0m  [["id", 1], ["LIMIT", 1]]
  [1m[35m (0.0ms)[0m  [1m[36mbegin transaction[0m
  [1m[36mUser Load (0.0ms)[0m  [1m[34mSELECT  "users".* FROM "users" WHERE "users"."id" = ? LIMIT ?[0m  [["id", 1], ["LIMIT", 1]]
  [1m[35m (0.0ms)[0m  [1m[36mcommit transaction[0m
Redirected to http://localhost:3000/tweeets/1
Completed 302 Found in 23ms (ActiveRecord: 1.0ms)


Started GET "/tweeets/1" for 127.0.0.1 at 2018-07-08 17:07:45 -0500
Processing by TweeetsController#show as HTML
  Parameters: {"id"=>"1"}
  [1m[36mTweeet Load (0.0ms)[0m  [1m[34mSELECT  "tweeets".* FROM "tweeets" WHERE "tweeets"."id" = ? LIMIT ?[0m  [["id", 1], ["LIMIT", 1]]
  Rendering tweeets/show.html.erb within layouts/application
  Rendered tweeets/show.html.erb within layouts/application (2.0ms)
  [1m[36mUser Load (0.0ms)[0m  [1m[34mSELECT  "users".* FROM "users" WHERE "users"."id" = ? ORDER BY "users"."id" ASC LIMIT ?[0m  [["id", 1], ["LIMIT", 1]]
Completed 200 OK in 183ms (Views: 158.8ms | ActiveRecord: 0.0ms)


Started GET "/tweeets" for 127.0.0.1 at 2018-07-08 17:07:47 -0500
Processing by TweeetsController#index as HTML
  Rendering tweeets/index.html.erb within layouts/application
  [1m[36mUser Load (1.0ms)[0m  [1m[34mSELECT  "users".* FROM "users" WHERE "users"."id" = ? ORDER BY "users"."id" ASC LIMIT ?[0m  [["id", 1], ["LIMIT", 1]]
  [1m[35m (1.0ms)[0m  [1m[34mSELECT COUNT(*) FROM "tweeets" WHERE "tweeets"."user_id" = ?[0m  [["user_id", 1]]
  Rendered tweeets/_profile.html.erb (3.0ms)
  Rendered tweeets/_form.html.erb (3.0ms)
  [1m[36mTweeet Load (1.0ms)[0m  [1m[34mSELECT "tweeets".* FROM "tweeets" ORDER BY created_at DESC[0m
  [1m[36mUser Load (0.0ms)[0m  [1m[34mSELECT  "users".* FROM "users" WHERE "users"."id" = ? LIMIT ?[0m  [["id", 1], ["LIMIT", 1]]
  Rendered tweeets/_feed.html.erb (27.9ms)
  Rendered tweeets/_who-to-follow.html.erb (0.0ms)
  Rendered tweeets/index.html.erb within layouts/application (78.8ms)
Completed 200 OK in 247ms (Views: 225.5ms | ActiveRecord: 3.0ms)


Started GET "/users/edit" for 127.0.0.1 at 2018-07-08 17:31:52 -0500
Processing by RegistrationsController#edit as HTML
  [1m[36mUser Load (0.0ms)[0m  [1m[34mSELECT  "users".* FROM "users" WHERE "users"."id" = ? ORDER BY "users"."id" ASC LIMIT ?[0m  [["id", 1], ["LIMIT", 1]]
  Rendering devise/registrations/edit.html.erb within layouts/application
  Rendered devise/registrations/edit.html.erb within layouts/application (13.0ms)
Completed 200 OK in 302ms (Views: 297.9ms | ActiveRecord: 0.0ms)


Started GET "/" for 127.0.0.1 at 2018-07-08 17:33:04 -0500
Processing by TweeetsController#index as HTML
  Rendering tweeets/index.html.erb within layouts/application
  [1m[36mUser Load (0.0ms)[0m  [1m[34mSELECT  "users".* FROM "users" WHERE "users"."id" = ? ORDER BY "users"."id" ASC LIMIT ?[0m  [["id", 1], ["LIMIT", 1]]
  [1m[35m (1.0ms)[0m  [1m[34mSELECT COUNT(*) FROM "tweeets" WHERE "tweeets"."user_id" = ?[0m  [["user_id", 1]]
  Rendered tweeets/_profile.html.erb (3.0ms)
  Rendered tweeets/_form.html.erb (3.0ms)
  [1m[36mTweeet Load (0.0ms)[0m  [1m[34mSELECT "tweeets".* FROM "tweeets" ORDER BY created_at DESC[0m
  [1m[36mUser Load (1.0ms)[0m  [1m[34mSELECT  "users".* FROM "users" WHERE "users"."id" = ? LIMIT ?[0m  [["id", 1], ["LIMIT", 1]]
  Rendered tweeets/_feed.html.erb (23.9ms)
  Rendered tweeets/_who-to-follow.html.erb (0.0ms)
  Rendered tweeets/index.html.erb within layouts/application (74.8ms)
Completed 200 OK in 231ms (Views: 213.8ms | ActiveRecord: 2.0ms)


Started GET "/" for 127.0.0.1 at 2018-07-08 17:43:49 -0500
Processing by TweeetsController#index as HTML
  Rendering tweeets/index.html.erb within layouts/application
  [1m[36mUser Load (0.0ms)[0m  [1m[34mSELECT  "users".* FROM "users" WHERE "users"."id" = ? ORDER BY "users"."id" ASC LIMIT ?[0m  [["id", 1], ["LIMIT", 1]]
  [1m[35m (1.0ms)[0m  [1m[34mSELECT COUNT(*) FROM "tweeets" WHERE "tweeets"."user_id" = ?[0m  [["user_id", 1]]
  Rendered tweeets/_profile.html.erb (4.0ms)
  Rendered tweeets/_form.html.erb (4.0ms)
  [1m[36mTweeet Load (1.0ms)[0m  [1m[34mSELECT "tweeets".* FROM "tweeets" ORDER BY created_at DESC[0m
  [1m[36mUser Load (0.0ms)[0m  [1m[34mSELECT  "users".* FROM "users" WHERE "users"."id" = ? LIMIT ?[0m  [["id", 1], ["LIMIT", 1]]
  Rendered tweeets/_feed.html.erb (28.9ms)
  Rendered tweeets/_who-to-follow.html.erb (0.0ms)
  Rendered tweeets/index.html.erb within layouts/application (95.7ms)
Completed 200 OK in 268ms (Views: 249.8ms | ActiveRecord: 2.0ms)


Started GET "/" for 127.0.0.1 at 2018-07-08 17:52:32 -0500
Processing by TweeetsController#index as HTML
  Rendering tweeets/index.html.erb within layouts/application
  [1m[36mUser Load (0.0ms)[0m  [1m[34mSELECT  "users".* FROM "users" WHERE "users"."id" = ? ORDER BY "users"."id" ASC LIMIT ?[0m  [["id", 1], ["LIMIT", 1]]
  [1m[35m (0.0ms)[0m  [1m[34mSELECT COUNT(*) FROM "tweeets" WHERE "tweeets"."user_id" = ?[0m  [["user_id", 1]]
  Rendered tweeets/_profile.html.erb (4.0ms)
  Rendered tweeets/_form.html.erb (6.0ms)
  [1m[36mTweeet Load (1.0ms)[0m  [1m[34mSELECT "tweeets".* FROM "tweeets" ORDER BY created_at DESC[0m
  [1m[36mUser Load (0.0ms)[0m  [1m[34mSELECT  "users".* FROM "users" WHERE "users"."id" = ? LIMIT ?[0m  [["id", 1], ["LIMIT", 1]]
  Rendered tweeets/_feed.html.erb (28.9ms)
  Rendered tweeets/_who-to-follow.html.erb (1.0ms)
  Rendered tweeets/index.html.erb within layouts/application (82.8ms)
Completed 200 OK in 309ms (Views: 293.1ms | ActiveRecord: 1.0ms)


Started GET "/tweeets/1/edit" for 127.0.0.1 at 2018-07-08 17:55:33 -0500
Processing by TweeetsController#edit as HTML
  Parameters: {"id"=>"1"}
  [1m[36mTweeet Load (1.0ms)[0m  [1m[34mSELECT  "tweeets".* FROM "tweeets" WHERE "tweeets"."id" = ? LIMIT ?[0m  [["id", 1], ["LIMIT", 1]]
  [1m[36mUser Load (1.0ms)[0m  [1m[34mSELECT  "users".* FROM "users" WHERE "users"."id" = ? ORDER BY "users"."id" ASC LIMIT ?[0m  [["id", 1], ["LIMIT", 1]]
  Rendering tweeets/edit.html.erb within layouts/application
  Rendered tweeets/_form.html.erb (5.0ms)
  Rendered tweeets/edit.html.erb within layouts/application (21.9ms)
Completed 200 OK in 179ms (Views: 160.7ms | ActiveRecord: 2.0ms)


Started PATCH "/tweeets/1" for 127.0.0.1 at 2018-07-08 17:55:36 -0500
Processing by TweeetsController#update as HTML
  Parameters: {"utf8"=>"✓", "authenticity_token"=>"GDp6OSt92EjR6YhtVPF/R3fJLtb6K6eeFtJYVfeCG3P6zMERDfHa+0nQ3wqlYxf4p1M3vzZTQ/pOspYIdLKjSA==", "tweeet"=>{"tweeet"=>"1st Tweeet. Hello, World!"}, "commit"=>"Update Tweeet", "id"=>"1"}
  [1m[36mTweeet Load (0.0ms)[0m  [1m[34mSELECT  "tweeets".* FROM "tweeets" WHERE "tweeets"."id" = ? LIMIT ?[0m  [["id", 1], ["LIMIT", 1]]
  [1m[36mUser Load (0.0ms)[0m  [1m[34mSELECT  "users".* FROM "users" WHERE "users"."id" = ? ORDER BY "users"."id" ASC LIMIT ?[0m  [["id", 1], ["LIMIT", 1]]
  [1m[35m (0.0ms)[0m  [1m[36mbegin transaction[0m
  [1m[36mUser Load (0.0ms)[0m  [1m[34mSELECT  "users".* FROM "users" WHERE "users"."id" = ? LIMIT ?[0m  [["id", 1], ["LIMIT", 1]]
  [1m[35mSQL (2.0ms)[0m  [1m[33mUPDATE "tweeets" SET "tweeet" = ?, "updated_at" = ? WHERE "tweeets"."id" = ?[0m  [["tweeet", "1st Tweeet. Hello, World!"], ["updated_at", "2018-07-08 22:55:36.044596"], ["id", 1]]
  [1m[35m (6.0ms)[0m  [1m[36mcommit transaction[0m
Redirected to http://localhost:3000/tweeets/1
Completed 302 Found in 39ms (ActiveRecord: 8.0ms)


Started GET "/tweeets/1" for 127.0.0.1 at 2018-07-08 17:55:36 -0500
Processing by TweeetsController#show as HTML
  Parameters: {"id"=>"1"}
  [1m[36mTweeet Load (0.0ms)[0m  [1m[34mSELECT  "tweeets".* FROM "tweeets" WHERE "tweeets"."id" = ? LIMIT ?[0m  [["id", 1], ["LIMIT", 1]]
  Rendering tweeets/show.html.erb within layouts/application
  Rendered tweeets/show.html.erb within layouts/application (1.0ms)
  [1m[36mUser Load (0.0ms)[0m  [1m[34mSELECT  "users".* FROM "users" WHERE "users"."id" = ? ORDER BY "users"."id" ASC LIMIT ?[0m  [["id", 1], ["LIMIT", 1]]
Completed 200 OK in 158ms (Views: 142.4ms | ActiveRecord: 0.0ms)


Started GET "/tweeets" for 127.0.0.1 at 2018-07-08 17:55:57 -0500
Processing by TweeetsController#index as HTML
  Rendering tweeets/index.html.erb within layouts/application
  [1m[36mUser Load (0.0ms)[0m  [1m[34mSELECT  "users".* FROM "users" WHERE "users"."id" = ? ORDER BY "users"."id" ASC LIMIT ?[0m  [["id", 1], ["LIMIT", 1]]
  [1m[35m (0.0ms)[0m  [1m[34mSELECT COUNT(*) FROM "tweeets" WHERE "tweeets"."user_id" = ?[0m  [["user_id", 1]]
  Rendered tweeets/_profile.html.erb (5.0ms)
  Rendered tweeets/_form.html.erb (3.0ms)
  [1m[36mTweeet Load (0.0ms)[0m  [1m[34mSELECT "tweeets".* FROM "tweeets" ORDER BY created_at DESC[0m
  [1m[36mUser Load (1.0ms)[0m  [1m[34mSELECT  "users".* FROM "users" WHERE "users"."id" = ? LIMIT ?[0m  [["id", 1], ["LIMIT", 1]]
  Rendered tweeets/_feed.html.erb (22.9ms)
  Rendered tweeets/_who-to-follow.html.erb (1.0ms)
  Rendered tweeets/index.html.erb within layouts/application (71.8ms)
Completed 200 OK in 271ms (Views: 257.4ms | ActiveRecord: 1.0ms)


Started GET "/tweeets" for 127.0.0.1 at 2018-07-08 17:59:48 -0500
Processing by TweeetsController#index as HTML
  Rendering tweeets/index.html.erb within layouts/application
  [1m[36mUser Load (0.0ms)[0m  [1m[34mSELECT  "users".* FROM "users" WHERE "users"."id" = ? ORDER BY "users"."id" ASC LIMIT ?[0m  [["id", 1], ["LIMIT", 1]]
  [1m[35m (1.0ms)[0m  [1m[34mSELECT COUNT(*) FROM "tweeets" WHERE "tweeets"."user_id" = ?[0m  [["user_id", 1]]
  Rendered tweeets/_profile.html.erb (3.9ms)
  Rendered tweeets/_form.html.erb (5.0ms)
  [1m[36mTweeet Load (0.0ms)[0m  [1m[34mSELECT "tweeets".* FROM "tweeets" ORDER BY created_at DESC[0m
  [1m[36mUser Load (1.0ms)[0m  [1m[34mSELECT  "users".* FROM "users" WHERE "users"."id" = ? LIMIT ?[0m  [["id", 1], ["LIMIT", 1]]
  Rendered tweeets/_feed.html.erb (30.9ms)
  Rendered tweeets/_who-to-follow.html.erb (1.0ms)
  Rendered tweeets/index.html.erb within layouts/application (87.8ms)
Completed 200 OK in 254ms (Views: 236.8ms | ActiveRecord: 2.0ms)


Started GET "/tweeets" for 127.0.0.1 at 2018-07-08 18:00:43 -0500
Processing by TweeetsController#index as HTML
  Rendering tweeets/index.html.erb within layouts/application
  [1m[36mUser Load (0.0ms)[0m  [1m[34mSELECT  "users".* FROM "users" WHERE "users"."id" = ? ORDER BY "users"."id" ASC LIMIT ?[0m  [["id", 1], ["LIMIT", 1]]
  [1m[35m (0.0ms)[0m  [1m[34mSELECT COUNT(*) FROM "tweeets" WHERE "tweeets"."user_id" = ?[0m  [["user_id", 1]]
  Rendered tweeets/_profile.html.erb (2.0ms)
  Rendered tweeets/_form.html.erb (6.0ms)
  [1m[36mTweeet Load (1.0ms)[0m  [1m[34mSELECT "tweeets".* FROM "tweeets" ORDER BY created_at DESC[0m
  [1m[36mUser Load (0.0ms)[0m  [1m[34mSELECT  "users".* FROM "users" WHERE "users"."id" = ? LIMIT ?[0m  [["id", 1], ["LIMIT", 1]]
  Rendered tweeets/_feed.html.erb (31.9ms)
  Rendered tweeets/_who-to-follow.html.erb (0.0ms)
  Rendered tweeets/index.html.erb within layouts/application (97.7ms)
Completed 200 OK in 316ms (Views: 293.7ms | ActiveRecord: 1.0ms)


Started GET "/tweeets" for 127.0.0.1 at 2018-07-08 18:01:06 -0500
Processing by TweeetsController#index as HTML
  Rendering tweeets/index.html.erb within layouts/application
  [1m[36mUser Load (0.0ms)[0m  [1m[34mSELECT  "users".* FROM "users" WHERE "users"."id" = ? ORDER BY "users"."id" ASC LIMIT ?[0m  [["id", 1], ["LIMIT", 1]]
  [1m[35m (0.0ms)[0m  [1m[34mSELECT COUNT(*) FROM "tweeets" WHERE "tweeets"."user_id" = ?[0m  [["user_id", 1]]
  Rendered tweeets/_profile.html.erb (6.0ms)
  Rendered tweeets/_form.html.erb (8.0ms)
  [1m[36mTweeet Load (1.0ms)[0m  [1m[34mSELECT "tweeets".* FROM "tweeets" ORDER BY created_at DESC[0m
  [1m[36mUser Load (0.0ms)[0m  [1m[34mSELECT  "users".* FROM "users" WHERE "users"."id" = ? LIMIT ?[0m  [["id", 1], ["LIMIT", 1]]
  Rendered tweeets/_feed.html.erb (41.9ms)
  Rendered tweeets/_who-to-follow.html.erb (1.0ms)
  Rendered tweeets/index.html.erb within layouts/application (109.7ms)
Completed 200 OK in 294ms (Views: 277.2ms | ActiveRecord: 1.0ms)


Started GET "/tweeets" for 127.0.0.1 at 2018-07-08 18:01:18 -0500
Processing by TweeetsController#index as HTML
  Rendering tweeets/index.html.erb within layouts/application
  [1m[36mUser Load (1.0ms)[0m  [1m[34mSELECT  "users".* FROM "users" WHERE "users"."id" = ? ORDER BY "users"."id" ASC LIMIT ?[0m  [["id", 1], ["LIMIT", 1]]
  [1m[35m (1.0ms)[0m  [1m[34mSELECT COUNT(*) FROM "tweeets" WHERE "tweeets"."user_id" = ?[0m  [["user_id", 1]]
  Rendered tweeets/_profile.html.erb (3.0ms)
  Rendered tweeets/_form.html.erb (4.0ms)
  [1m[36mTweeet Load (1.0ms)[0m  [1m[34mSELECT "tweeets".* FROM "tweeets" ORDER BY created_at DESC[0m
  [1m[36mUser Load (1.0ms)[0m  [1m[34mSELECT  "users".* FROM "users" WHERE "users"."id" = ? LIMIT ?[0m  [["id", 1], ["LIMIT", 1]]
  Rendered tweeets/_feed.html.erb (24.9ms)
  Rendered tweeets/_who-to-follow.html.erb (1.0ms)
  Rendered tweeets/index.html.erb within layouts/application (77.8ms)
Completed 200 OK in 256ms (Views: 234.7ms | ActiveRecord: 4.0ms)


Started POST "/tweeets" for 127.0.0.1 at 2018-07-08 18:02:22 -0500
Processing by TweeetsController#create as HTML
  Parameters: {"utf8"=>"✓", "authenticity_token"=>"XHdk8PIsGf17BysgvAO/PgYzyCb2QfDnB3bWabPtvhLArcRoy3vkFjBmnm+WFyzSRxHo0AB5NKgnj0ZOZ2h8jA==", "tweeet"=>{"tweeet"=>"Introducing our new mascot, the Flutter birb!"}, "commit"=>"Create Tweeet"}
  [1m[36mUser Load (1.0ms)[0m  [1m[34mSELECT  "users".* FROM "users" WHERE "users"."id" = ? ORDER BY "users"."id" ASC LIMIT ?[0m  [["id", 1], ["LIMIT", 1]]
  [1m[35m (1.0ms)[0m  [1m[36mbegin transaction[0m
  [1m[35mSQL (3.0ms)[0m  [1m[32mINSERT INTO "tweeets" ("tweeet", "created_at", "updated_at", "user_id") VALUES (?, ?, ?, ?)[0m  [["tweeet", "Introducing our new mascot, the Flutter birb!"], ["created_at", "2018-07-08 23:02:22.770514"], ["updated_at", "2018-07-08 23:02:22.770514"], ["user_id", 1]]
  [1m[35m (6.0ms)[0m  [1m[36mcommit transaction[0m
Redirected to http://localhost:3000/
Completed 302 Found in 26ms (ActiveRecord: 11.0ms)


Started GET "/" for 127.0.0.1 at 2018-07-08 18:02:22 -0500
Processing by TweeetsController#index as HTML
  Rendering tweeets/index.html.erb within layouts/application
  [1m[36mUser Load (0.0ms)[0m  [1m[34mSELECT  "users".* FROM "users" WHERE "users"."id" = ? ORDER BY "users"."id" ASC LIMIT ?[0m  [["id", 1], ["LIMIT", 1]]
  [1m[35m (0.0ms)[0m  [1m[34mSELECT COUNT(*) FROM "tweeets" WHERE "tweeets"."user_id" = ?[0m  [["user_id", 1]]
  Rendered tweeets/_profile.html.erb (4.0ms)
  Rendered tweeets/_form.html.erb (5.0ms)
  [1m[36mTweeet Load (1.0ms)[0m  [1m[34mSELECT "tweeets".* FROM "tweeets" ORDER BY created_at DESC[0m
  [1m[36mUser Load (0.0ms)[0m  [1m[34mSELECT  "users".* FROM "users" WHERE "users"."id" = ? LIMIT ?[0m  [["id", 1], ["LIMIT", 1]]
  [1m[36mCACHE User Load (0.0ms)[0m  [1m[34mSELECT  "users".* FROM "users" WHERE "users"."id" = ? LIMIT ?[0m  [["id", 1], ["LIMIT", 1]]
  Rendered tweeets/_feed.html.erb (27.9ms)
  Rendered tweeets/_who-to-follow.html.erb (0.0ms)
  Rendered tweeets/index.html.erb within layouts/application (81.8ms)
Completed 200 OK in 250ms (Views: 230.5ms | ActiveRecord: 1.0ms)


Started GET "/users/edit" for 127.0.0.1 at 2018-07-08 18:02:25 -0500
Processing by RegistrationsController#edit as HTML
  [1m[36mUser Load (0.0ms)[0m  [1m[34mSELECT  "users".* FROM "users" WHERE "users"."id" = ? ORDER BY "users"."id" ASC LIMIT ?[0m  [["id", 1], ["LIMIT", 1]]
  Rendering devise/registrations/edit.html.erb within layouts/application
  Rendered devise/registrations/edit.html.erb within layouts/application (12.0ms)
Completed 200 OK in 270ms (Views: 264.9ms | ActiveRecord: 0.0ms)


Started GET "/" for 127.0.0.1 at 2018-07-08 18:02:27 -0500
Processing by TweeetsController#index as HTML
  Rendering tweeets/index.html.erb within layouts/application
  [1m[36mUser Load (0.0ms)[0m  [1m[34mSELECT  "users".* FROM "users" WHERE "users"."id" = ? ORDER BY "users"."id" ASC LIMIT ?[0m  [["id", 1], ["LIMIT", 1]]
  [1m[35m (1.0ms)[0m  [1m[34mSELECT COUNT(*) FROM "tweeets" WHERE "tweeets"."user_id" = ?[0m  [["user_id", 1]]
  Rendered tweeets/_profile.html.erb (3.0ms)
  Rendered tweeets/_form.html.erb (4.0ms)
  [1m[36mTweeet Load (0.0ms)[0m  [1m[34mSELECT "tweeets".* FROM "tweeets" ORDER BY created_at DESC[0m
  [1m[36mUser Load (0.0ms)[0m  [1m[34mSELECT  "users".* FROM "users" WHERE "users"."id" = ? LIMIT ?[0m  [["id", 1], ["LIMIT", 1]]
  [1m[36mCACHE User Load (0.0ms)[0m  [1m[34mSELECT  "users".* FROM "users" WHERE "users"."id" = ? LIMIT ?[0m  [["id", 1], ["LIMIT", 1]]
  Rendered tweeets/_feed.html.erb (29.9ms)
  Rendered tweeets/_who-to-follow.html.erb (1.0ms)
  Rendered tweeets/index.html.erb within layouts/application (86.8ms)
Completed 200 OK in 248ms (Views: 223.9ms | ActiveRecord: 1.0ms)


Started DELETE "/users/sign_out" for 127.0.0.1 at 2018-07-08 18:02:39 -0500
Processing by Devise::SessionsController#destroy as HTML
  Parameters: {"authenticity_token"=>"5I1Yi/1GJzMbVOenLFNhlUknXchSScyAZlHwA4EkwyN4V/gTxBHa2FA1UugGR/J5CAV9PqRxCM9GqGAkVaEBvQ=="}
  [1m[36mUser Load (1.0ms)[0m  [1m[34mSELECT  "users".* FROM "users" WHERE "users"."id" = ? ORDER BY "users"."id" ASC LIMIT ?[0m  [["id", 1], ["LIMIT", 1]]
  [1m[35m (0.0ms)[0m  [1m[36mbegin transaction[0m
  [1m[35m (0.0ms)[0m  [1m[36mcommit transaction[0m
Redirected to http://localhost:3000/
Completed 302 Found in 20ms (ActiveRecord: 1.0ms)


Started GET "/" for 127.0.0.1 at 2018-07-08 18:02:39 -0500
Processing by TweeetsController#index as HTML
  Rendering tweeets/index.html.erb within layouts/application
  Rendered tweeets/_trends.html.erb (1.0ms)
  [1m[36mTweeet Load (1.0ms)[0m  [1m[34mSELECT "tweeets".* FROM "tweeets" ORDER BY created_at DESC[0m
  [1m[36mUser Load (0.0ms)[0m  [1m[34mSELECT  "users".* FROM "users" WHERE "users"."id" = ? LIMIT ?[0m  [["id", 1], ["LIMIT", 1]]
  [1m[36mCACHE User Load (0.0ms)[0m  [1m[34mSELECT  "users".* FROM "users" WHERE "users"."id" = ? LIMIT ?[0m  [["id", 1], ["LIMIT", 1]]
  Rendered tweeets/_feed.html.erb (7.0ms)
  Rendered tweeets/_who-to-follow.html.erb (1.0ms)
  Rendered tweeets/index.html.erb within layouts/application (54.9ms)
Completed 200 OK in 231ms (Views: 213.9ms | ActiveRecord: 1.0ms)


Started GET "/users/sign_in" for 127.0.0.1 at 2018-07-08 18:02:45 -0500
Processing by Devise::SessionsController#new as HTML
  Rendering devise/sessions/new.html.erb within layouts/application
  Rendered devise/shared/_links.html.erb (2.0ms)
  Rendered devise/sessions/new.html.erb within layouts/application (29.9ms)
Completed 200 OK in 210ms (Views: 207.2ms | ActiveRecord: 0.0ms)


Started GET "/users/sign_up" for 127.0.0.1 at 2018-07-08 18:02:48 -0500
Processing by RegistrationsController#new as HTML
  Rendering devise/registrations/new.html.erb within layouts/application
  Rendered devise/shared/_links.html.erb (1.0ms)
  Rendered devise/registrations/new.html.erb within layouts/application (30.9ms)
Completed 200 OK in 281ms (Views: 276.4ms | ActiveRecord: 0.0ms)


Started POST "/users" for 127.0.0.1 at 2018-07-08 18:03:06 -0500
Processing by RegistrationsController#create as HTML
  Parameters: {"utf8"=>"✓", "authenticity_token"=>"dannlhNuTh92WqH4h/muJtMsI1gfWzAkok4Xz9NomYUSg8+HYDdGO6jWeYfhU6cm8ZGyD9E2LhQTcmpV9Sfpfw==", "user"=>{"name"=>"Yaaas", "username"=>"Yaaas", "email"=>"vdn140030@gmail.com", "password"=>"[FILTERED]", "password_confirmation"=>"[FILTERED]"}, "commit"=>"Sign up"}
  [1m[35m (0.0ms)[0m  [1m[36mbegin transaction[0m
  [1m[36mUser Exists (1.0ms)[0m  [1m[34mSELECT  1 AS one FROM "users" WHERE "users"."email" = ? LIMIT ?[0m  [["email", "vdn140030@gmail.com"], ["LIMIT", 1]]
  [1m[35m (1.0ms)[0m  [1m[31mrollback transaction[0m
  Rendering devise/registrations/new.html.erb within layouts/application
  Rendered devise/shared/_links.html.erb (2.0ms)
  Rendered devise/registrations/new.html.erb within layouts/application (33.9ms)
Completed 200 OK in 666ms (Views: 299.2ms | ActiveRecord: 2.0ms)


Started POST "/users" for 127.0.0.1 at 2018-07-08 18:03:22 -0500
Processing by RegistrationsController#create as HTML
  Parameters: {"utf8"=>"✓", "authenticity_token"=>"j7Q8FrSKhWNwxBdGyE8Q8tbwTihHvLhINPyspgXe+HXAvz4wXd4m1b6z7CrIa4gptISMfAnWGaAI5WlE7HWeuw==", "user"=>{"name"=>"Yaaas", "username"=>"Yaaas", "email"=>"vdn140031@gmail.com", "password"=>"[FILTERED]", "password_confirmation"=>"[FILTERED]"}, "commit"=>"Sign up"}
  [1m[35m (0.0ms)[0m  [1m[36mbegin transaction[0m
  [1m[36mUser Exists (1.0ms)[0m  [1m[34mSELECT  1 AS one FROM "users" WHERE "users"."email" = ? LIMIT ?[0m  [["email", "vdn140031@gmail.com"], ["LIMIT", 1]]
  [1m[35mSQL (3.0ms)[0m  [1m[32mINSERT INTO "users" ("email", "encrypted_password", "created_at", "updated_at", "name", "username") VALUES (?, ?, ?, ?, ?, ?)[0m  [["email", "vdn140031@gmail.com"], ["encrypted_password", "$2a$11$cNUFtj0qRXJz8X1TJ8uHau4/wFMGBD6w0GPsC8aE5uOOEjxm1eXhW"], ["created_at", "2018-07-08 23:03:22.275944"], ["updated_at", "2018-07-08 23:03:22.275944"], ["name", "Yaaas"], ["username", "Yaaas"]]
  [1m[35m (5.0ms)[0m  [1m[36mcommit transaction[0m
  [1m[35m (0.0ms)[0m  [1m[36mbegin transaction[0m
  [1m[35mSQL (2.0ms)[0m  [1m[33mUPDATE "users" SET "sign_in_count" = ?, "current_sign_in_at" = ?, "last_sign_in_at" = ?, "current_sign_in_ip" = ?, "last_sign_in_ip" = ?, "updated_at" = ? WHERE "users"."id" = ?[0m  [["sign_in_count", 1], ["current_sign_in_at", "2018-07-08 23:03:22.288908"], ["last_sign_in_at", "2018-07-08 23:03:22.288908"], ["current_sign_in_ip", "127.0.0.1"], ["last_sign_in_ip", "127.0.0.1"], ["updated_at", "2018-07-08 23:03:22.289905"], ["id", 2]]
  [1m[35m (4.0ms)[0m  [1m[36mcommit transaction[0m
Redirected to http://localhost:3000/
Completed 302 Found in 394ms (ActiveRecord: 15.0ms)


Started GET "/" for 127.0.0.1 at 2018-07-08 18:03:22 -0500
Processing by TweeetsController#index as HTML
  Rendering tweeets/index.html.erb within layouts/application
  [1m[36mUser Load (0.0ms)[0m  [1m[34mSELECT  "users".* FROM "users" WHERE "users"."id" = ? ORDER BY "users"."id" ASC LIMIT ?[0m  [["id", 2], ["LIMIT", 1]]
  [1m[35m (0.0ms)[0m  [1m[34mSELECT COUNT(*) FROM "tweeets" WHERE "tweeets"."user_id" = ?[0m  [["user_id", 2]]
  Rendered tweeets/_profile.html.erb (4.0ms)
  Rendered tweeets/_form.html.erb (4.0ms)
  [1m[36mTweeet Load (0.0ms)[0m  [1m[34mSELECT "tweeets".* FROM "tweeets" ORDER BY created_at DESC[0m
  [1m[36mUser Load (0.0ms)[0m  [1m[34mSELECT  "users".* FROM "users" WHERE "users"."id" = ? LIMIT ?[0m  [["id", 1], ["LIMIT", 1]]
  [1m[36mCACHE User Load (0.0ms)[0m  [1m[34mSELECT  "users".* FROM "users" WHERE "users"."id" = ? LIMIT ?[0m  [["id", 1], ["LIMIT", 1]]
  Rendered tweeets/_feed.html.erb (26.9ms)
  Rendered tweeets/_who-to-follow.html.erb (0.0ms)
  Rendered tweeets/index.html.erb within layouts/application (78.8ms)
Completed 200 OK in 232ms (Views: 214.2ms | ActiveRecord: 0.0ms)


Started DELETE "/users/sign_out" for 127.0.0.1 at 2018-07-08 18:03:30 -0500
Processing by Devise::SessionsController#destroy as HTML
  Parameters: {"authenticity_token"=>"Ni/iwCVN4srqtHB9NW7eBvQF9eQyPCn112XaC1Th1K55JODmzBlBfCTDixE1SkbdlnE3sHxWiB3rfB/pvUqyYA=="}
  [1m[36mUser Load (1.0ms)[0m  [1m[34mSELECT  "users".* FROM "users" WHERE "users"."id" = ? ORDER BY "users"."id" ASC LIMIT ?[0m  [["id", 2], ["LIMIT", 1]]
  [1m[35m (1.0ms)[0m  [1m[36mbegin transaction[0m
  [1m[35m (0.0ms)[0m  [1m[36mcommit transaction[0m
Redirected to http://localhost:3000/
Completed 302 Found in 12ms (ActiveRecord: 2.0ms)


Started GET "/" for 127.0.0.1 at 2018-07-08 18:03:30 -0500
Processing by TweeetsController#index as HTML
  Rendering tweeets/index.html.erb within layouts/application
  Rendered tweeets/_trends.html.erb (0.0ms)
  [1m[36mTweeet Load (1.0ms)[0m  [1m[34mSELECT "tweeets".* FROM "tweeets" ORDER BY created_at DESC[0m
  [1m[36mUser Load (0.0ms)[0m  [1m[34mSELECT  "users".* FROM "users" WHERE "users"."id" = ? LIMIT ?[0m  [["id", 1], ["LIMIT", 1]]
  [1m[36mCACHE User Load (0.0ms)[0m  [1m[34mSELECT  "users".* FROM "users" WHERE "users"."id" = ? LIMIT ?[0m  [["id", 1], ["LIMIT", 1]]
  Rendered tweeets/_feed.html.erb (8.0ms)
  Rendered tweeets/_who-to-follow.html.erb (1.0ms)
  Rendered tweeets/index.html.erb within layouts/application (54.9ms)
Completed 200 OK in 229ms (Views: 215.9ms | ActiveRecord: 1.0ms)


Started GET "/users/sign_in" for 127.0.0.1 at 2018-07-08 18:03:35 -0500
Processing by Devise::SessionsController#new as HTML
  Rendering devise/sessions/new.html.erb within layouts/application
  Rendered devise/shared/_links.html.erb (1.0ms)
  Rendered devise/sessions/new.html.erb within layouts/application (25.9ms)
Completed 200 OK in 200ms (Views: 198.4ms | ActiveRecord: 0.0ms)


Started POST "/users/sign_in" for 127.0.0.1 at 2018-07-08 18:03:41 -0500
Processing by Devise::SessionsController#create as HTML
  Parameters: {"utf8"=>"✓", "authenticity_token"=>"dUvlYpCIt3OYST0oNOYNHamu9+6KlJ9CLe+Ad1eEKsFoxbLLuB+R0O78nMZY1eYcoyzDFniNV9sdiDH0HZ+F1g==", "user"=>{"email"=>"vdn140030@gmail.com", "password"=>"[FILTERED]", "remember_me"=>"0"}, "commit"=>"Log in"}
  [1m[36mUser Load (1.0ms)[0m  [1m[34mSELECT  "users".* FROM "users" WHERE "users"."email" = ? ORDER BY "users"."id" ASC LIMIT ?[0m  [["email", "vdn140030@gmail.com"], ["LIMIT", 1]]
  [1m[35m (0.0ms)[0m  [1m[36mbegin transaction[0m
  [1m[35mSQL (4.0ms)[0m  [1m[33mUPDATE "users" SET "current_sign_in_at" = ?, "sign_in_count" = ?, "updated_at" = ? WHERE "users"."id" = ?[0m  [["current_sign_in_at", "2018-07-08 23:03:41.209543"], ["sign_in_count", 2], ["updated_at", "2018-07-08 23:03:41.212536"], ["id", 1]]
  [1m[35m (6.0ms)[0m  [1m[36mcommit transaction[0m
Redirected to http://localhost:3000/
Completed 302 Found in 327ms (ActiveRecord: 10.9ms)


Started GET "/" for 127.0.0.1 at 2018-07-08 18:03:41 -0500
Processing by TweeetsController#index as HTML
  Rendering tweeets/index.html.erb within layouts/application
  [1m[36mUser Load (1.0ms)[0m  [1m[34mSELECT  "users".* FROM "users" WHERE "users"."id" = ? ORDER BY "users"."id" ASC LIMIT ?[0m  [["id", 1], ["LIMIT", 1]]
  [1m[35m (1.0ms)[0m  [1m[34mSELECT COUNT(*) FROM "tweeets" WHERE "tweeets"."user_id" = ?[0m  [["user_id", 1]]
  Rendered tweeets/_profile.html.erb (4.0ms)
  Rendered tweeets/_form.html.erb (4.0ms)
  [1m[36mTweeet Load (0.0ms)[0m  [1m[34mSELECT "tweeets".* FROM "tweeets" ORDER BY created_at DESC[0m
  [1m[36mUser Load (0.0ms)[0m  [1m[34mSELECT  "users".* FROM "users" WHERE "users"."id" = ? LIMIT ?[0m  [["id", 1], ["LIMIT", 1]]
  [1m[36mCACHE User Load (0.0ms)[0m  [1m[34mSELECT  "users".* FROM "users" WHERE "users"."id" = ? LIMIT ?[0m  [["id", 1], ["LIMIT", 1]]
  Rendered tweeets/_feed.html.erb (27.9ms)
  Rendered tweeets/_who-to-follow.html.erb (1.0ms)
  Rendered tweeets/index.html.erb within layouts/application (83.8ms)
Completed 200 OK in 247ms (Views: 230.2ms | ActiveRecord: 2.0ms)


Started GET "/" for 127.0.0.1 at 2018-07-08 18:10:12 -0500
Processing by TweeetsController#index as HTML
  Rendering tweeets/index.html.erb within layouts/application
  [1m[36mUser Load (0.0ms)[0m  [1m[34mSELECT  "users".* FROM "users" WHERE "users"."id" = ? ORDER BY "users"."id" ASC LIMIT ?[0m  [["id", 1], ["LIMIT", 1]]
  [1m[35m (0.0ms)[0m  [1m[34mSELECT COUNT(*) FROM "tweeets" WHERE "tweeets"."user_id" = ?[0m  [["user_id", 1]]
  Rendered tweeets/_profile.html.erb (3.0ms)
  Rendered tweeets/_form.html.erb (4.0ms)
  [1m[36mTweeet Load (1.0ms)[0m  [1m[34mSELECT "tweeets".* FROM "tweeets" ORDER BY created_at DESC[0m
  [1m[36mUser Load (0.0ms)[0m  [1m[34mSELECT  "users".* FROM "users" WHERE "users"."id" = ? LIMIT ?[0m  [["id", 1], ["LIMIT", 1]]
  [1m[36mCACHE User Load (0.0ms)[0m  [1m[34mSELECT  "users".* FROM "users" WHERE "users"."id" = ? LIMIT ?[0m  [["id", 1], ["LIMIT", 1]]
  Rendered tweeets/_feed.html.erb (25.9ms)
  Rendered tweeets/_who-to-follow.html.erb (1.0ms)
  Rendered tweeets/index.html.erb within layouts/application (78.8ms)
Completed 200 OK in 253ms (Views: 235.0ms | ActiveRecord: 1.0ms)


Started GET "/tweeets/1/edit" for 127.0.0.1 at 2018-07-08 18:11:14 -0500
Processing by TweeetsController#edit as HTML
  Parameters: {"id"=>"1"}
  [1m[36mTweeet Load (1.0ms)[0m  [1m[34mSELECT  "tweeets".* FROM "tweeets" WHERE "tweeets"."id" = ? LIMIT ?[0m  [["id", 1], ["LIMIT", 1]]
  [1m[36mUser Load (1.0ms)[0m  [1m[34mSELECT  "users".* FROM "users" WHERE "users"."id" = ? ORDER BY "users"."id" ASC LIMIT ?[0m  [["id", 1], ["LIMIT", 1]]
  Rendering tweeets/edit.html.erb within layouts/application
  Rendered tweeets/_form.html.erb (3.0ms)
  Rendered tweeets/edit.html.erb within layouts/application (18.0ms)
Completed 200 OK in 182ms (Views: 156.7ms | ActiveRecord: 2.0ms)


Started PATCH "/tweeets/1" for 127.0.0.1 at 2018-07-08 18:11:38 -0500
Processing by TweeetsController#update as HTML
  Parameters: {"utf8"=>"✓", "authenticity_token"=>"hAOZqJ7F7AMS2HFBvDrWaHVTRmUsEWpZiWHm4QmLV/n206BlpRPDsVlhbCXEnYJ6sS2flvq8Z9F+EQ6Zpm25fg==", "tweeet"=>{"tweeet"=>"1st Tweeet. Hello, World. Welcome to Flutter, the Dumb Twitter!"}, "commit"=>"Update Tweeet", "id"=>"1"}
  [1m[36mTweeet Load (0.0ms)[0m  [1m[34mSELECT  "tweeets".* FROM "tweeets" WHERE "tweeets"."id" = ? LIMIT ?[0m  [["id", 1], ["LIMIT", 1]]
  [1m[36mUser Load (0.0ms)[0m  [1m[34mSELECT  "users".* FROM "users" WHERE "users"."id" = ? ORDER BY "users"."id" ASC LIMIT ?[0m  [["id", 1], ["LIMIT", 1]]
  [1m[35m (1.0ms)[0m  [1m[36mbegin transaction[0m
  [1m[36mUser Load (1.0ms)[0m  [1m[34mSELECT  "users".* FROM "users" WHERE "users"."id" = ? LIMIT ?[0m  [["id", 1], ["LIMIT", 1]]
  [1m[35mSQL (3.0ms)[0m  [1m[33mUPDATE "tweeets" SET "tweeet" = ?, "updated_at" = ? WHERE "tweeets"."id" = ?[0m  [["tweeet", "1st Tweeet. Hello, World. Welcome to Flutter, the Dumb Twitter!"], ["updated_at", "2018-07-08 23:11:38.788677"], ["id", 1]]
  [1m[35m (4.0ms)[0m  [1m[36mcommit transaction[0m
Redirected to http://localhost:3000/tweeets/1
Completed 302 Found in 21ms (ActiveRecord: 9.0ms)


Started GET "/tweeets/1" for 127.0.0.1 at 2018-07-08 18:11:38 -0500
Processing by TweeetsController#show as HTML
  Parameters: {"id"=>"1"}
  [1m[36mTweeet Load (0.0ms)[0m  [1m[34mSELECT  "tweeets".* FROM "tweeets" WHERE "tweeets"."id" = ? LIMIT ?[0m  [["id", 1], ["LIMIT", 1]]
  Rendering tweeets/show.html.erb within layouts/application
  Rendered tweeets/show.html.erb within layouts/application (1.0ms)
  [1m[36mUser Load (1.0ms)[0m  [1m[34mSELECT  "users".* FROM "users" WHERE "users"."id" = ? ORDER BY "users"."id" ASC LIMIT ?[0m  [["id", 1], ["LIMIT", 1]]
Completed 200 OK in 176ms (Views: 157.2ms | ActiveRecord: 1.0ms)


Started GET "/tweeets" for 127.0.0.1 at 2018-07-08 18:11:41 -0500
Processing by TweeetsController#index as HTML
  Rendering tweeets/index.html.erb within layouts/application
  [1m[36mUser Load (1.0ms)[0m  [1m[34mSELECT  "users".* FROM "users" WHERE "users"."id" = ? ORDER BY "users"."id" ASC LIMIT ?[0m  [["id", 1], ["LIMIT", 1]]
  [1m[35m (0.0ms)[0m  [1m[34mSELECT COUNT(*) FROM "tweeets" WHERE "tweeets"."user_id" = ?[0m  [["user_id", 1]]
  Rendered tweeets/_profile.html.erb (2.0ms)
  Rendered tweeets/_form.html.erb (4.0ms)
  [1m[36mTweeet Load (0.0ms)[0m  [1m[34mSELECT "tweeets".* FROM "tweeets" ORDER BY created_at DESC[0m
  [1m[36mUser Load (0.0ms)[0m  [1m[34mSELECT  "users".* FROM "users" WHERE "users"."id" = ? LIMIT ?[0m  [["id", 1], ["LIMIT", 1]]
  [1m[36mCACHE User Load (0.0ms)[0m  [1m[34mSELECT  "users".* FROM "users" WHERE "users"."id" = ? LIMIT ?[0m  [["id", 1], ["LIMIT", 1]]
  Rendered tweeets/_feed.html.erb (27.9ms)
  Rendered tweeets/_who-to-follow.html.erb (1.0ms)
  Rendered tweeets/index.html.erb within layouts/application (76.8ms)
Completed 200 OK in 237ms (Views: 219.4ms | ActiveRecord: 1.0ms)


Started GET "/tweeets" for 127.0.0.1 at 2018-07-08 18:13:54 -0500
Processing by TweeetsController#index as HTML
  Rendering tweeets/index.html.erb within layouts/application
  [1m[36mUser Load (0.0ms)[0m  [1m[34mSELECT  "users".* FROM "users" WHERE "users"."id" = ? ORDER BY "users"."id" ASC LIMIT ?[0m  [["id", 1], ["LIMIT", 1]]
  [1m[35m (0.0ms)[0m  [1m[34mSELECT COUNT(*) FROM "tweeets" WHERE "tweeets"."user_id" = ?[0m  [["user_id", 1]]
  Rendered tweeets/_profile.html.erb (3.0ms)
  Rendered tweeets/_form.html.erb (4.0ms)
  [1m[36mTweeet Load (1.0ms)[0m  [1m[34mSELECT "tweeets".* FROM "tweeets" ORDER BY created_at DESC[0m
  [1m[36mUser Load (0.0ms)[0m  [1m[34mSELECT  "users".* FROM "users" WHERE "users"."id" = ? LIMIT ?[0m  [["id", 1], ["LIMIT", 1]]
  [1m[36mCACHE User Load (0.0ms)[0m  [1m[34mSELECT  "users".* FROM "users" WHERE "users"."id" = ? LIMIT ?[0m  [["id", 1], ["LIMIT", 1]]
  Rendered tweeets/_feed.html.erb (33.0ms)
  Rendered tweeets/_who-to-follow.html.erb (0.0ms)
  Rendered tweeets/index.html.erb within layouts/application (86.8ms)
Completed 200 OK in 245ms (Views: 229.6ms | ActiveRecord: 1.0ms)


Started GET "/tweeets" for 127.0.0.1 at 2018-07-08 18:16:09 -0500
Processing by TweeetsController#index as HTML
  Rendering tweeets/index.html.erb within layouts/application
  [1m[36mUser Load (1.0ms)[0m  [1m[34mSELECT  "users".* FROM "users" WHERE "users"."id" = ? ORDER BY "users"."id" ASC LIMIT ?[0m  [["id", 1], ["LIMIT", 1]]
  [1m[35m (0.0ms)[0m  [1m[34mSELECT COUNT(*) FROM "tweeets" WHERE "tweeets"."user_id" = ?[0m  [["user_id", 1]]
  Rendered tweeets/_profile.html.erb (5.0ms)
  Rendered tweeets/_form.html.erb (4.0ms)
  [1m[36mTweeet Load (1.0ms)[0m  [1m[34mSELECT "tweeets".* FROM "tweeets" ORDER BY created_at DESC[0m
  [1m[36mUser Load (2.0ms)[0m  [1m[34mSELECT  "users".* FROM "users" WHERE "users"."id" = ? LIMIT ?[0m  [["id", 1], ["LIMIT", 1]]
  [1m[36mCACHE User Load (0.0ms)[0m  [1m[34mSELECT  "users".* FROM "users" WHERE "users"."id" = ? LIMIT ?[0m  [["id", 1], ["LIMIT", 1]]
  Rendered tweeets/_feed.html.erb (34.9ms)
  Rendered tweeets/_who-to-follow.html.erb (1.0ms)
  Rendered tweeets/index.html.erb within layouts/application (101.7ms)
Completed 200 OK in 264ms (Views: 242.2ms | ActiveRecord: 4.0ms)


Started DELETE "/users/sign_out" for 127.0.0.1 at 2018-07-08 18:17:34 -0500
Processing by Devise::SessionsController#destroy as HTML
  Parameters: {"authenticity_token"=>"Xkeem6DTkiGEUZ8w6ovp0famF4LZOBF7P4BY+YTJdNsYAxh04ija1I/OxtGHoBxDHMzoSdB2cuCOkqaLmbIfyA=="}
  [1m[36mUser Load (0.0ms)[0m  [1m[34mSELECT  "users".* FROM "users" WHERE "users"."id" = ? ORDER BY "users"."id" ASC LIMIT ?[0m  [["id", 1], ["LIMIT", 1]]
  [1m[35m (0.0ms)[0m  [1m[36mbegin transaction[0m
  [1m[35m (0.0ms)[0m  [1m[36mcommit transaction[0m
Redirected to http://localhost:3000/
Completed 302 Found in 17ms (ActiveRecord: 0.0ms)


Started GET "/" for 127.0.0.1 at 2018-07-08 18:17:34 -0500
Processing by TweeetsController#index as HTML
  Rendering tweeets/index.html.erb within layouts/application
  Rendered tweeets/_trends.html.erb (0.0ms)
  [1m[36mTweeet Load (1.0ms)[0m  [1m[34mSELECT "tweeets".* FROM "tweeets" ORDER BY created_at DESC[0m
  [1m[36mUser Load (0.0ms)[0m  [1m[34mSELECT  "users".* FROM "users" WHERE "users"."id" = ? LIMIT ?[0m  [["id", 1], ["LIMIT", 1]]
  [1m[36mCACHE User Load (0.0ms)[0m  [1m[34mSELECT  "users".* FROM "users" WHERE "users"."id" = ? LIMIT ?[0m  [["id", 1], ["LIMIT", 1]]
  Rendered tweeets/_feed.html.erb (8.0ms)
  Rendered tweeets/_who-to-follow.html.erb (0.0ms)
  Rendered tweeets/index.html.erb within layouts/application (68.8ms)
Completed 200 OK in 247ms (Views: 227.2ms | ActiveRecord: 1.0ms)


Started GET "/" for 127.0.0.1 at 2018-07-08 18:17:39 -0500
Processing by TweeetsController#index as HTML
  Rendering tweeets/index.html.erb within layouts/application
  Rendered tweeets/_trends.html.erb (0.0ms)
  [1m[36mTweeet Load (0.5ms)[0m  [1m[34mSELECT "tweeets".* FROM "tweeets" ORDER BY created_at DESC[0m
  [1m[36mUser Load (0.0ms)[0m  [1m[34mSELECT  "users".* FROM "users" WHERE "users"."id" = ? LIMIT ?[0m  [["id", 1], ["LIMIT", 1]]
  [1m[36mCACHE User Load (0.0ms)[0m  [1m[34mSELECT  "users".* FROM "users" WHERE "users"."id" = ? LIMIT ?[0m  [["id", 1], ["LIMIT", 1]]
  Rendered tweeets/_feed.html.erb (10.5ms)
  Rendered tweeets/_who-to-follow.html.erb (1.0ms)
  Rendered tweeets/index.html.erb within layouts/application (63.3ms)
Completed 200 OK in 229ms (Views: 213.3ms | ActiveRecord: 0.5ms)


Started GET "/" for 127.0.0.1 at 2018-07-08 18:17:42 -0500
Processing by TweeetsController#index as HTML
  Rendering tweeets/index.html.erb within layouts/application
  Rendered tweeets/_trends.html.erb (0.0ms)
  [1m[36mTweeet Load (0.0ms)[0m  [1m[34mSELECT "tweeets".* FROM "tweeets" ORDER BY created_at DESC[0m
  [1m[36mUser Load (0.0ms)[0m  [1m[34mSELECT  "users".* FROM "users" WHERE "users"."id" = ? LIMIT ?[0m  [["id", 1], ["LIMIT", 1]]
  [1m[36mCACHE User Load (0.0ms)[0m  [1m[34mSELECT  "users".* FROM "users" WHERE "users"."id" = ? LIMIT ?[0m  [["id", 1], ["LIMIT", 1]]
  Rendered tweeets/_feed.html.erb (8.9ms)
  Rendered tweeets/_who-to-follow.html.erb (0.0ms)
  Rendered tweeets/index.html.erb within layouts/application (55.8ms)
Completed 200 OK in 217ms (Views: 194.9ms | ActiveRecord: 0.0ms)


Started GET "/" for 127.0.0.1 at 2018-07-08 18:19:16 -0500
Processing by TweeetsController#index as HTML
  Rendering tweeets/index.html.erb within layouts/application
  Rendered tweeets/_trends.html.erb (0.0ms)
  [1m[36mTweeet Load (0.0ms)[0m  [1m[34mSELECT "tweeets".* FROM "tweeets" ORDER BY created_at DESC[0m
  [1m[36mUser Load (0.0ms)[0m  [1m[34mSELECT  "users".* FROM "users" WHERE "users"."id" = ? LIMIT ?[0m  [["id", 1], ["LIMIT", 1]]
  [1m[36mCACHE User Load (0.0ms)[0m  [1m[34mSELECT  "users".* FROM "users" WHERE "users"."id" = ? LIMIT ?[0m  [["id", 1], ["LIMIT", 1]]
  Rendered tweeets/_feed.html.erb (9.0ms)
  Rendered tweeets/_who-to-follow.html.erb (1.0ms)
  Rendered tweeets/index.html.erb within layouts/application (77.8ms)
Completed 200 OK in 309ms (Views: 284.6ms | ActiveRecord: 0.0ms)


Started GET "/" for 127.0.0.1 at 2018-07-08 19:12:09 -0500
  [1m[35m (0.0ms)[0m  [1m[34mSELECT "schema_migrations"."version" FROM "schema_migrations" ORDER BY "schema_migrations"."version" ASC[0m
Processing by TweeetsController#index as HTML
  Rendering tweeets/index.html.erb within layouts/application
  Rendered tweeets/_trends.html.erb (1.0ms)
  [1m[36mTweeet Load (0.0ms)[0m  [1m[34mSELECT "tweeets".* FROM "tweeets" ORDER BY created_at DESC[0m
  [1m[36mUser Load (0.0ms)[0m  [1m[34mSELECT  "users".* FROM "users" WHERE "users"."id" = ? LIMIT ?[0m  [["id", 1], ["LIMIT", 1]]
  [1m[36mCACHE User Load (0.0ms)[0m  [1m[34mSELECT  "users".* FROM "users" WHERE "users"."id" = ? LIMIT ?[0m  [["id", 1], ["LIMIT", 1]]
  Rendered tweeets/_feed.html.erb (60.8ms)
  Rendered tweeets/_who-to-follow.html.erb (0.0ms)
  Rendered tweeets/index.html.erb within layouts/application (115.7ms)
Completed 200 OK in 801ms (Views: 743.9ms | ActiveRecord: 5.0ms)


Started GET "/" for 127.0.0.1 at 2018-07-08 19:12:24 -0500
Processing by TweeetsController#index as HTML
  Rendering tweeets/index.html.erb within layouts/application
  Rendered tweeets/_trends.html.erb (1.0ms)
  [1m[36mTweeet Load (0.0ms)[0m  [1m[34mSELECT "tweeets".* FROM "tweeets" ORDER BY created_at DESC[0m
  [1m[36mUser Load (0.0ms)[0m  [1m[34mSELECT  "users".* FROM "users" WHERE "users"."id" = ? LIMIT ?[0m  [["id", 1], ["LIMIT", 1]]
  [1m[36mCACHE User Load (1.0ms)[0m  [1m[34mSELECT  "users".* FROM "users" WHERE "users"."id" = ? LIMIT ?[0m  [["id", 1], ["LIMIT", 1]]
  Rendered tweeets/_feed.html.erb (8.0ms)
  Rendered tweeets/_who-to-follow.html.erb (0.0ms)
  Rendered tweeets/index.html.erb within layouts/application (55.8ms)
Completed 200 OK in 246ms (Views: 230.0ms | ActiveRecord: 1.0ms)


Started GET "/" for 127.0.0.1 at 2018-07-08 19:14:28 -0500
Processing by TweeetsController#index as HTML
  Rendering tweeets/index.html.erb within layouts/application
  Rendered tweeets/_trends.html.erb (1.0ms)
  [1m[36mTweeet Load (1.0ms)[0m  [1m[34mSELECT "tweeets".* FROM "tweeets" ORDER BY created_at DESC[0m
  [1m[36mUser Load (0.0ms)[0m  [1m[34mSELECT  "users".* FROM "users" WHERE "users"."id" = ? LIMIT ?[0m  [["id", 1], ["LIMIT", 1]]
  [1m[36mCACHE User Load (0.0ms)[0m  [1m[34mSELECT  "users".* FROM "users" WHERE "users"."id" = ? LIMIT ?[0m  [["id", 1], ["LIMIT", 1]]
  Rendered tweeets/_feed.html.erb (7.0ms)
  Rendered tweeets/_who-to-follow.html.erb (1.0ms)
  Rendered tweeets/index.html.erb within layouts/application (65.8ms)
Completed 200 OK in 274ms (Views: 255.4ms | ActiveRecord: 1.0ms)


Started GET "/" for 127.0.0.1 at 2018-07-08 20:17:47 -0500
  [1m[35m (2.0ms)[0m  [1m[34mSELECT "schema_migrations"."version" FROM "schema_migrations" ORDER BY "schema_migrations"."version" ASC[0m
Processing by TweeetsController#index as HTML
  Rendering tweeets/index.html.erb within layouts/application
  Rendered tweeets/_trends.html.erb (4.0ms)
  [1m[36mTweeet Load (1.0ms)[0m  [1m[34mSELECT "tweeets".* FROM "tweeets" ORDER BY created_at DESC[0m
  [1m[36mUser Load (0.0ms)[0m  [1m[34mSELECT  "users".* FROM "users" WHERE "users"."id" = ? LIMIT ?[0m  [["id", 1], ["LIMIT", 1]]
  [1m[36mCACHE User Load (0.0ms)[0m  [1m[34mSELECT  "users".* FROM "users" WHERE "users"."id" = ? LIMIT ?[0m  [["id", 1], ["LIMIT", 1]]
  Rendered tweeets/_feed.html.erb (151.6ms)
  Rendered tweeets/_who-to-follow.html.erb (1.0ms)
  Rendered tweeets/index.html.erb within layouts/application (286.8ms)
Completed 200 OK in 1173ms (Views: 1076.8ms | ActiveRecord: 2.0ms)


Started GET "/" for 127.0.0.1 at 2018-07-08 20:18:04 -0500
Processing by TweeetsController#index as HTML
  Rendering tweeets/index.html.erb within layouts/application
  Rendered tweeets/_trends.html.erb (1.0ms)
  [1m[36mTweeet Load (1.0ms)[0m  [1m[34mSELECT "tweeets".* FROM "tweeets" ORDER BY created_at DESC[0m
  [1m[36mUser Load (0.0ms)[0m  [1m[34mSELECT  "users".* FROM "users" WHERE "users"."id" = ? LIMIT ?[0m  [["id", 1], ["LIMIT", 1]]
  [1m[36mCACHE User Load (0.0ms)[0m  [1m[34mSELECT  "users".* FROM "users" WHERE "users"."id" = ? LIMIT ?[0m  [["id", 1], ["LIMIT", 1]]
  Rendered tweeets/_feed.html.erb (12.0ms)
  Rendered tweeets/_who-to-follow.html.erb (1.0ms)
  Rendered tweeets/index.html.erb within layouts/application (71.8ms)
Completed 200 OK in 256ms (Views: 238.9ms | ActiveRecord: 1.0ms)


Started GET "/" for 127.0.0.1 at 2018-07-09 08:12:42 -0500
  [1m[35m (0.0ms)[0m  [1m[34mSELECT "schema_migrations"."version" FROM "schema_migrations" ORDER BY "schema_migrations"."version" ASC[0m
Processing by TweeetsController#index as HTML
  Rendering tweeets/index.html.erb within layouts/application
  Rendered tweeets/_trends.html.erb (0.0ms)
  [1m[36mTweeet Load (0.0ms)[0m  [1m[34mSELECT "tweeets".* FROM "tweeets" ORDER BY created_at DESC[0m
  [1m[36mUser Load (4.0ms)[0m  [1m[34mSELECT  "users".* FROM "users" WHERE "users"."id" = ? LIMIT ?[0m  [["id", 1], ["LIMIT", 1]]
  [1m[36mCACHE User Load (0.0ms)[0m  [1m[34mSELECT  "users".* FROM "users" WHERE "users"."id" = ? LIMIT ?[0m  [["id", 1], ["LIMIT", 1]]
  Rendered tweeets/_feed.html.erb (85.6ms)
  Rendered tweeets/_who-to-follow.html.erb (0.0ms)
  Rendered tweeets/index.html.erb within layouts/application (145.6ms)
Completed 200 OK in 1118ms (Views: 1035.4ms | ActiveRecord: 8.0ms)


Started GET "/" for 127.0.0.1 at 2018-07-09 08:13:00 -0500
Processing by TweeetsController#index as HTML
  Rendering tweeets/index.html.erb within layouts/application
  Rendered tweeets/_trends.html.erb (0.0ms)
  [1m[36mTweeet Load (0.0ms)[0m  [1m[34mSELECT "tweeets".* FROM "tweeets" ORDER BY created_at DESC[0m
  [1m[36mUser Load (0.0ms)[0m  [1m[34mSELECT  "users".* FROM "users" WHERE "users"."id" = ? LIMIT ?[0m  [["id", 1], ["LIMIT", 1]]
  [1m[36mCACHE User Load (0.0ms)[0m  [1m[34mSELECT  "users".* FROM "users" WHERE "users"."id" = ? LIMIT ?[0m  [["id", 1], ["LIMIT", 1]]
  Rendered tweeets/_feed.html.erb (16.0ms)
  Rendered tweeets/_who-to-follow.html.erb (0.0ms)
  Rendered tweeets/index.html.erb within layouts/application (98.2ms)
Completed 200 OK in 325ms (Views: 306.1ms | ActiveRecord: 0.0ms)


Started GET "/" for 127.0.0.1 at 2018-07-09 11:41:35 -0500
  [1m[35m (0.0ms)[0m  [1m[34mSELECT "schema_migrations"."version" FROM "schema_migrations" ORDER BY "schema_migrations"."version" ASC[0m
Processing by TweeetsController#index as HTML
  Rendering tweeets/index.html.erb within layouts/application
  Rendered tweeets/_trends.html.erb (1.0ms)
  [1m[36mTweeet Load (0.0ms)[0m  [1m[34mSELECT "tweeets".* FROM "tweeets" ORDER BY created_at DESC[0m
  [1m[36mUser Load (0.0ms)[0m  [1m[34mSELECT  "users".* FROM "users" WHERE "users"."id" = ? LIMIT ?[0m  [["id", 1], ["LIMIT", 1]]
  [1m[36mCACHE User Load (0.0ms)[0m  [1m[34mSELECT  "users".* FROM "users" WHERE "users"."id" = ? LIMIT ?[0m  [["id", 1], ["LIMIT", 1]]
  Rendered tweeets/_feed.html.erb (79.8ms)
  Rendered tweeets/_who-to-follow.html.erb (1.0ms)
  Rendered tweeets/index.html.erb within layouts/application (160.6ms)
Completed 200 OK in 746ms (Views: 697.1ms | ActiveRecord: 2.0ms)


Started GET "/" for 127.0.0.1 at 2018-07-09 11:47:12 -0500
Processing by TweeetsController#index as HTML
  Rendering tweeets/index.html.erb within layouts/application
  Rendered tweeets/_trends.html.erb (0.0ms)
  [1m[36mTweeet Load (1.0ms)[0m  [1m[34mSELECT "tweeets".* FROM "tweeets" ORDER BY created_at DESC[0m
  [1m[36mUser Load (1.0ms)[0m  [1m[34mSELECT  "users".* FROM "users" WHERE "users"."id" = ? LIMIT ?[0m  [["id", 1], ["LIMIT", 1]]
  [1m[36mCACHE User Load (0.0ms)[0m  [1m[34mSELECT  "users".* FROM "users" WHERE "users"."id" = ? LIMIT ?[0m  [["id", 1], ["LIMIT", 1]]
  Rendered tweeets/_feed.html.erb (15.0ms)
  Rendered tweeets/_who-to-follow.html.erb (1.0ms)
  Rendered tweeets/index.html.erb within layouts/application (71.8ms)
Completed 200 OK in 321ms (Views: 294.7ms | ActiveRecord: 2.0ms)


Started GET "/" for 127.0.0.1 at 2018-07-09 11:50:38 -0500
Processing by TweeetsController#index as HTML
  Rendering tweeets/index.html.erb within layouts/application
  Rendered tweeets/_trends.html.erb (0.0ms)
  [1m[36mTweeet Load (0.0ms)[0m  [1m[34mSELECT "tweeets".* FROM "tweeets" ORDER BY created_at DESC[0m
  [1m[36mUser Load (0.0ms)[0m  [1m[34mSELECT  "users".* FROM "users" WHERE "users"."id" = ? LIMIT ?[0m  [["id", 1], ["LIMIT", 1]]
  [1m[36mCACHE User Load (0.0ms)[0m  [1m[34mSELECT  "users".* FROM "users" WHERE "users"."id" = ? LIMIT ?[0m  [["id", 1], ["LIMIT", 1]]
  Rendered tweeets/_feed.html.erb (10.0ms)
  Rendered tweeets/_who-to-follow.html.erb (1.0ms)
  Rendered tweeets/index.html.erb within layouts/application (58.8ms)
Completed 200 OK in 213ms (Views: 198.7ms | ActiveRecord: 0.0ms)


Started GET "/" for 127.0.0.1 at 2018-07-09 13:22:37 -0500
  [1m[35m (0.0ms)[0m  [1m[34mSELECT "schema_migrations"."version" FROM "schema_migrations" ORDER BY "schema_migrations"."version" ASC[0m
Processing by TweeetsController#index as HTML
  Rendering tweeets/index.html.erb within layouts/application
  Rendered tweeets/_trends.html.erb (0.0ms)
  [1m[36mTweeet Load (1.0ms)[0m  [1m[34mSELECT "tweeets".* FROM "tweeets" ORDER BY created_at DESC[0m
  [1m[36mUser Load (1.0ms)[0m  [1m[34mSELECT  "users".* FROM "users" WHERE "users"."id" = ? LIMIT ?[0m  [["id", 1], ["LIMIT", 1]]
  [1m[36mCACHE User Load (0.0ms)[0m  [1m[34mSELECT  "users".* FROM "users" WHERE "users"."id" = ? LIMIT ?[0m  [["id", 1], ["LIMIT", 1]]
  Rendered tweeets/_feed.html.erb (61.8ms)
  Rendered tweeets/_who-to-follow.html.erb (1.0ms)
  Rendered tweeets/index.html.erb within layouts/application (110.7ms)
Completed 200 OK in 567ms (Views: 523.9ms | ActiveRecord: 3.0ms)


Started GET "/users/sign_in" for 127.0.0.1 at 2018-07-09 13:22:55 -0500
Processing by Devise::SessionsController#new as HTML
  Rendering devise/sessions/new.html.erb within layouts/application
  Rendered devise/shared/_links.html.erb (1.0ms)
  Rendered devise/sessions/new.html.erb within layouts/application (147.6ms)
Completed 200 OK in 347ms (Views: 343.1ms | ActiveRecord: 0.0ms)


Started GET "/users/password/new" for 127.0.0.1 at 2018-07-09 16:32:06 -0500
Processing by Devise::PasswordsController#new as HTML
  Rendering devise/passwords/new.html.erb within layouts/application
  Rendered devise/shared/_links.html.erb (1.0ms)
  Rendered devise/passwords/new.html.erb within layouts/application (25.9ms)
Completed 200 OK in 248ms (Views: 227.8ms | ActiveRecord: 0.0ms)


Started GET "/users/sign_in" for 127.0.0.1 at 2018-07-09 16:32:20 -0500
Processing by Devise::SessionsController#new as HTML
  Rendering devise/sessions/new.html.erb within layouts/application
  Rendered devise/shared/_links.html.erb (1.0ms)
  Rendered devise/sessions/new.html.erb within layouts/application (30.9ms)
Completed 200 OK in 262ms (Views: 259.1ms | ActiveRecord: 0.0ms)


Started POST "/users/sign_in" for 127.0.0.1 at 2018-07-09 16:32:26 -0500
Processing by Devise::SessionsController#create as HTML
  Parameters: {"utf8"=>"✓", "authenticity_token"=>"CTth42a1YRQ29r3Ra1nOcMQ0UW3hYOb7CDMu9Kh2lt6PZe8ItLdGQWDTSSdZMGz4q36thu5ri1sW9r0mJ2nEfg==", "user"=>{"email"=>"vdn140030@gmail.com", "password"=>"[FILTERED]", "remember_me"=>"0"}, "commit"=>"Log in"}
  [1m[36mUser Load (1.0ms)[0m  [1m[34mSELECT  "users".* FROM "users" WHERE "users"."email" = ? ORDER BY "users"."id" ASC LIMIT ?[0m  [["email", "vdn140030@gmail.com"], ["LIMIT", 1]]
  [1m[35m (0.0ms)[0m  [1m[36mbegin transaction[0m
  [1m[35mSQL (2.0ms)[0m  [1m[33mUPDATE "users" SET "current_sign_in_at" = ?, "last_sign_in_at" = ?, "sign_in_count" = ?, "updated_at" = ? WHERE "users"."id" = ?[0m  [["current_sign_in_at", "2018-07-09 21:32:26.812007"], ["last_sign_in_at", "2018-07-08 23:03:41.209543"], ["sign_in_count", 3], ["updated_at", "2018-07-09 21:32:26.813999"], ["id", 1]]
  [1m[35m (6.0ms)[0m  [1m[36mcommit transaction[0m
Redirected to http://localhost:3000/
Completed 302 Found in 343ms (ActiveRecord: 8.9ms)


Started GET "/" for 127.0.0.1 at 2018-07-09 16:32:26 -0500
Processing by TweeetsController#index as HTML
  Rendering tweeets/index.html.erb within layouts/application
  [1m[36mUser Load (0.0ms)[0m  [1m[34mSELECT  "users".* FROM "users" WHERE "users"."id" = ? ORDER BY "users"."id" ASC LIMIT ?[0m  [["id", 1], ["LIMIT", 1]]
  [1m[35m (0.0ms)[0m  [1m[34mSELECT COUNT(*) FROM "tweeets" WHERE "tweeets"."user_id" = ?[0m  [["user_id", 1]]
  Rendered tweeets/_profile.html.erb (20.9ms)
  Rendered tweeets/_form.html.erb (9.0ms)
  [1m[36mTweeet Load (1.0ms)[0m  [1m[34mSELECT "tweeets".* FROM "tweeets" ORDER BY created_at DESC[0m
  [1m[36mUser Load (1.0ms)[0m  [1m[34mSELECT  "users".* FROM "users" WHERE "users"."id" = ? LIMIT ?[0m  [["id", 1], ["LIMIT", 1]]
  [1m[36mCACHE User Load (0.0ms)[0m  [1m[34mSELECT  "users".* FROM "users" WHERE "users"."id" = ? LIMIT ?[0m  [["id", 1], ["LIMIT", 1]]
  Rendered tweeets/_feed.html.erb (37.9ms)
  Rendered tweeets/_who-to-follow.html.erb (1.0ms)
  Rendered tweeets/index.html.erb within layouts/application (122.7ms)
Completed 200 OK in 280ms (Views: 260.2ms | ActiveRecord: 2.0ms)


Started DELETE "/users/sign_out" for 127.0.0.1 at 2018-07-09 16:34:08 -0500
Processing by Devise::SessionsController#destroy as HTML
  Parameters: {"authenticity_token"=>"ypv6LdvCmp9hJomMqZ0qX8ExSO32t8HhoKIXILKDPjUqFGpXNbloiRCV9zWY2QidviGi79SyGVahYt+bffPYrQ=="}
  [1m[36mUser Load (0.0ms)[0m  [1m[34mSELECT  "users".* FROM "users" WHERE "users"."id" = ? ORDER BY "users"."id" ASC LIMIT ?[0m  [["id", 1], ["LIMIT", 1]]
  [1m[35m (0.0ms)[0m  [1m[36mbegin transaction[0m
  [1m[35m (0.0ms)[0m  [1m[36mcommit transaction[0m
Redirected to http://localhost:3000/
Completed 302 Found in 19ms (ActiveRecord: 0.0ms)


Started GET "/" for 127.0.0.1 at 2018-07-09 16:34:08 -0500
Processing by TweeetsController#index as HTML
  Rendering tweeets/index.html.erb within layouts/application
  Rendered tweeets/_trends.html.erb (0.0ms)
  [1m[36mTweeet Load (0.0ms)[0m  [1m[34mSELECT "tweeets".* FROM "tweeets" ORDER BY created_at DESC[0m
  [1m[36mUser Load (1.0ms)[0m  [1m[34mSELECT  "users".* FROM "users" WHERE "users"."id" = ? LIMIT ?[0m  [["id", 1], ["LIMIT", 1]]
  [1m[36mCACHE User Load (0.0ms)[0m  [1m[34mSELECT  "users".* FROM "users" WHERE "users"."id" = ? LIMIT ?[0m  [["id", 1], ["LIMIT", 1]]
  Rendered tweeets/_feed.html.erb (12.0ms)
  Rendered tweeets/_who-to-follow.html.erb (1.0ms)
  Rendered tweeets/index.html.erb within layouts/application (56.8ms)
Completed 200 OK in 203ms (Views: 187.4ms | ActiveRecord: 1.0ms)


